### git rm --cached SSH_COMMAND_LIBRARY
rm 'SSH_COMMAND_LIBRARY/00_CONNECTION_PROFILES/VM2_LOCAL_ACCESS_COMMANDS.local.md'
rm 'SSH_COMMAND_LIBRARY/00_CONNECTION_PROFILES/VM2_ROUTE.local.json'
rm 'SSH_COMMAND_LIBRARY/00_CONNECTION_PROFILES/VM2_ROUTE_ALIAS.md'
rm 'SSH_COMMAND_LIBRARY/00_MACHINE_README.json'
rm 'SSH_COMMAND_LIBRARY/04_DIAGNOSTICS/SSH_KEYS_TARGETS_REPORT_20260507_105346.txt'
rm 'SSH_COMMAND_LIBRARY/05_SUCCESSFUL_RECIPES/LEGACY_VM3_RECIPES_POLICY.md'
rm 'SSH_COMMAND_LIBRARY/05_SUCCESSFUL_RECIPES/PC_TO_VM2_PROMPT_DISPATCH_AND_OPEN_RECIPE.md'
rm 'SSH_COMMAND_LIBRARY/05_SUCCESSFUL_RECIPES/PC_TO_VM2_PYTHON_TOOLS_RECIPE.md'
rm 'SSH_COMMAND_LIBRARY/05_SUCCESSFUL_RECIPES/PC_TO_VM2_WORKER_ROOM_RECIPES.md'
rm 'SSH_COMMAND_LIBRARY/05_SUCCESSFUL_RECIPES/PC_TO_VM3_PROMPT_HANDOFF_TESTED_OK_20260507.md'
rm 'SSH_COMMAND_LIBRARY/05_SUCCESSFUL_RECIPES/VM3_TO_PC_FETCH_LATEST_BUNDLE_TESTED_OK.md'
rm 'SSH_COMMAND_LIBRARY/06_TOOLS/00_REGISTRY/TOOLS_MASTER_INDEX.json'
rm 'SSH_COMMAND_LIBRARY/06_TOOLS/00_REGISTRY/TOOLS_MASTER_INDEX.md'
rm 'SSH_COMMAND_LIBRARY/06_TOOLS/00_REGISTRY/TOOL_LAYOUT_CONTRACT_V1.md'
rm 'SSH_COMMAND_LIBRARY/06_TOOLS/00_REGISTRY/TOOL_PATH_ALIASES.json'
rm 'SSH_COMMAND_LIBRARY/06_TOOLS/00_REGISTRY/TOOL_REGISTRY_RECEIPT.json'
rm 'SSH_COMMAND_LIBRARY/06_TOOLS/01_CORE_LIB/__pycache__/id_validation.cpython-312.pyc'
rm 'SSH_COMMAND_LIBRARY/06_TOOLS/01_CORE_LIB/__pycache__/ledger_utils.cpython-312.pyc'
rm 'SSH_COMMAND_LIBRARY/06_TOOLS/01_CORE_LIB/__pycache__/manifest_utils.cpython-312.pyc'
rm 'SSH_COMMAND_LIBRARY/06_TOOLS/01_CORE_LIB/__pycache__/owner_report.cpython-312.pyc'
rm 'SSH_COMMAND_LIBRARY/06_TOOLS/01_CORE_LIB/__pycache__/path_safety.cpython-312.pyc'
rm 'SSH_COMMAND_LIBRARY/06_TOOLS/01_CORE_LIB/__pycache__/provenance_utils.cpython-312.pyc'
rm 'SSH_COMMAND_LIBRARY/06_TOOLS/01_CORE_LIB/__pycache__/registry_utils.cpython-312.pyc'
rm 'SSH_COMMAND_LIBRARY/06_TOOLS/01_CORE_LIB/__pycache__/sha256_utils.cpython-312.pyc'
rm 'SSH_COMMAND_LIBRARY/06_TOOLS/01_CORE_LIB/id_validation.py'
rm 'SSH_COMMAND_LIBRARY/06_TOOLS/01_CORE_LIB/ledger_utils.py'
rm 'SSH_COMMAND_LIBRARY/06_TOOLS/01_CORE_LIB/manifest_utils.py'
rm 'SSH_COMMAND_LIBRARY/06_TOOLS/01_CORE_LIB/owner_report.py'
rm 'SSH_COMMAND_LIBRARY/06_TOOLS/01_CORE_LIB/path_safety.py'
rm 'SSH_COMMAND_LIBRARY/06_TOOLS/01_CORE_LIB/provenance_utils.py'
rm 'SSH_COMMAND_LIBRARY/06_TOOLS/01_CORE_LIB/registry_utils.py'
rm 'SSH_COMMAND_LIBRARY/06_TOOLS/01_CORE_LIB/sha256_utils.py'
rm 'SSH_COMMAND_LIBRARY/06_TOOLS/10_PC_VM2_PIPELINE/README.md'
rm 'SSH_COMMAND_LIBRARY/06_TOOLS/10_PC_VM2_PIPELINE/__pycache__/barrier_verify.cpython-312.pyc'
rm 'SSH_COMMAND_LIBRARY/06_TOOLS/10_PC_VM2_PIPELINE/__pycache__/fetch_vm2_stage_bundle.cpython-312.pyc'
rm 'SSH_COMMAND_LIBRARY/06_TOOLS/10_PC_VM2_PIPELINE/__pycache__/final_bundle_assemble.cpython-312.pyc'
rm 'SSH_COMMAND_LIBRARY/06_TOOLS/10_PC_VM2_PIPELINE/__pycache__/send_prompt_to_vm2.cpython-312.pyc'
rm 'SSH_COMMAND_LIBRARY/06_TOOLS/10_PC_VM2_PIPELINE/__pycache__/task_status_append.cpython-312.pyc'
rm 'SSH_COMMAND_LIBRARY/06_TOOLS/10_PC_VM2_PIPELINE/__pycache__/task_status_view.cpython-312.pyc'
rm 'SSH_COMMAND_LIBRARY/06_TOOLS/10_PC_VM2_PIPELINE/barrier_verify.py'
rm 'SSH_COMMAND_LIBRARY/06_TOOLS/10_PC_VM2_PIPELINE/examples/README.md'
rm 'SSH_COMMAND_LIBRARY/06_TOOLS/10_PC_VM2_PIPELINE/examples/barrier_verify_example.ps1'
rm 'SSH_COMMAND_LIBRARY/06_TOOLS/10_PC_VM2_PIPELINE/examples/fetch_vm2_bundle_example.ps1'
rm 'SSH_COMMAND_LIBRARY/06_TOOLS/10_PC_VM2_PIPELINE/examples/final_bundle_assemble_example.ps1'
rm 'SSH_COMMAND_LIBRARY/06_TOOLS/10_PC_VM2_PIPELINE/examples/send_prompt_example.ps1'
rm 'SSH_COMMAND_LIBRARY/06_TOOLS/10_PC_VM2_PIPELINE/fetch_vm2_stage_bundle.py'
rm 'SSH_COMMAND_LIBRARY/06_TOOLS/10_PC_VM2_PIPELINE/final_bundle_assemble.py'
rm 'SSH_COMMAND_LIBRARY/06_TOOLS/10_PC_VM2_PIPELINE/send_prompt_to_vm2.py'
rm 'SSH_COMMAND_LIBRARY/06_TOOLS/10_PC_VM2_PIPELINE/task_status_append.py'
rm 'SSH_COMMAND_LIBRARY/06_TOOLS/10_PC_VM2_PIPELINE/task_status_view.py'
rm 'SSH_COMMAND_LIBRARY/06_TOOLS/15_STAGE_COORDINATION/README.md'
rm 'SSH_COMMAND_LIBRARY/06_TOOLS/15_STAGE_COORDINATION/STAGE_COORDINATION_TOOL_CONTRACTS.md'
rm 'SSH_COMMAND_LIBRARY/06_TOOLS/15_STAGE_COORDINATION/__pycache__/artifact_manifest_verify.cpython-312.pyc'
rm 'SSH_COMMAND_LIBRARY/06_TOOLS/15_STAGE_COORDINATION/__pycache__/artifact_manifest_write.cpython-312.pyc'
rm 'SSH_COMMAND_LIBRARY/06_TOOLS/15_STAGE_COORDINATION/__pycache__/identity_validate.cpython-312.pyc'
rm 'SSH_COMMAND_LIBRARY/06_TOOLS/15_STAGE_COORDINATION/__pycache__/inquisition_trace_audit.cpython-312.pyc'
rm 'SSH_COMMAND_LIBRARY/06_TOOLS/15_STAGE_COORDINATION/__pycache__/ledger_append.cpython-312.pyc'
rm 'SSH_COMMAND_LIBRARY/06_TOOLS/15_STAGE_COORDINATION/__pycache__/ledger_replay_verify.cpython-312.pyc'
rm 'SSH_COMMAND_LIBRARY/06_TOOLS/15_STAGE_COORDINATION/__pycache__/stage_coordination_view.cpython-312.pyc'
rm 'SSH_COMMAND_LIBRARY/06_TOOLS/15_STAGE_COORDINATION/__pycache__/stage_dependency_check.cpython-312.pyc'
rm 'SSH_COMMAND_LIBRARY/06_TOOLS/15_STAGE_COORDINATION/__pycache__/stage_gate_decide.cpython-312.pyc'
rm 'SSH_COMMAND_LIBRARY/06_TOOLS/15_STAGE_COORDINATION/__pycache__/stage_heartbeat_emit.cpython-312.pyc'
rm 'SSH_COMMAND_LIBRARY/06_TOOLS/15_STAGE_COORDINATION/__pycache__/stage_plan_read.cpython-312.pyc'
rm 'SSH_COMMAND_LIBRARY/06_TOOLS/15_STAGE_COORDINATION/__pycache__/stage_repair_request.cpython-312.pyc'
rm 'SSH_COMMAND_LIBRARY/06_TOOLS/15_STAGE_COORDINATION/__pycache__/stage_signal_ack.cpython-312.pyc'
rm 'SSH_COMMAND_LIBRARY/06_TOOLS/15_STAGE_COORDINATION/__pycache__/stage_signal_emit.cpython-312.pyc'
rm 'SSH_COMMAND_LIBRARY/06_TOOLS/15_STAGE_COORDINATION/__pycache__/stage_signal_verify.cpython-312.pyc'
rm 'SSH_COMMAND_LIBRARY/06_TOOLS/15_STAGE_COORDINATION/__pycache__/stage_stop_with_reason.cpython-312.pyc'
rm 'SSH_COMMAND_LIBRARY/06_TOOLS/15_STAGE_COORDINATION/__pycache__/stage_wait_for_signal.cpython-312.pyc'
rm 'SSH_COMMAND_LIBRARY/06_TOOLS/15_STAGE_COORDINATION/artifact_manifest_verify.py'
rm 'SSH_COMMAND_LIBRARY/06_TOOLS/15_STAGE_COORDINATION/artifact_manifest_write.py'
rm 'SSH_COMMAND_LIBRARY/06_TOOLS/15_STAGE_COORDINATION/examples/README.md'
rm 'SSH_COMMAND_LIBRARY/06_TOOLS/15_STAGE_COORDINATION/identity_validate.py'
rm 'SSH_COMMAND_LIBRARY/06_TOOLS/15_STAGE_COORDINATION/inquisition_trace_audit.py'
rm 'SSH_COMMAND_LIBRARY/06_TOOLS/15_STAGE_COORDINATION/ledger_append.py'
rm 'SSH_COMMAND_LIBRARY/06_TOOLS/15_STAGE_COORDINATION/ledger_replay_verify.py'
rm 'SSH_COMMAND_LIBRARY/06_TOOLS/15_STAGE_COORDINATION/lib/__pycache__/common_runtime.cpython-312.pyc'
rm 'SSH_COMMAND_LIBRARY/06_TOOLS/15_STAGE_COORDINATION/lib/common_runtime.py'
rm 'SSH_COMMAND_LIBRARY/06_TOOLS/15_STAGE_COORDINATION/stage_coordination_view.py'
rm 'SSH_COMMAND_LIBRARY/06_TOOLS/15_STAGE_COORDINATION/stage_dependency_check.py'
rm 'SSH_COMMAND_LIBRARY/06_TOOLS/15_STAGE_COORDINATION/stage_gate_decide.py'
rm 'SSH_COMMAND_LIBRARY/06_TOOLS/15_STAGE_COORDINATION/stage_heartbeat_emit.py'
rm 'SSH_COMMAND_LIBRARY/06_TOOLS/15_STAGE_COORDINATION/stage_plan_read.py'
rm 'SSH_COMMAND_LIBRARY/06_TOOLS/15_STAGE_COORDINATION/stage_repair_request.py'
rm 'SSH_COMMAND_LIBRARY/06_TOOLS/15_STAGE_COORDINATION/stage_signal_ack.py'
rm 'SSH_COMMAND_LIBRARY/06_TOOLS/15_STAGE_COORDINATION/stage_signal_emit.py'
rm 'SSH_COMMAND_LIBRARY/06_TOOLS/15_STAGE_COORDINATION/stage_signal_verify.py'
rm 'SSH_COMMAND_LIBRARY/06_TOOLS/15_STAGE_COORDINATION/stage_stop_with_reason.py'
rm 'SSH_COMMAND_LIBRARY/06_TOOLS/15_STAGE_COORDINATION/stage_wait_for_signal.py'
rm 'SSH_COMMAND_LIBRARY/06_TOOLS/20_CONTINUITY/CONTINUITY_TOOL_CONTRACTS.md'
rm 'SSH_COMMAND_LIBRARY/06_TOOLS/20_CONTINUITY/ORGAN_PORTS/ORGAN_PORT_CONTRACT_V1.md'
rm 'SSH_COMMAND_LIBRARY/06_TOOLS/20_CONTINUITY/ORGAN_PORTS/ORGAN_PORT_REGISTRY.json'
rm 'SSH_COMMAND_LIBRARY/06_TOOLS/20_CONTINUITY/ORGAN_PORTS/ORGAN_PORT_STATUS_MATRIX.md'
rm 'SSH_COMMAND_LIBRARY/06_TOOLS/20_CONTINUITY/ORGAN_PORTS/ORGAN_SELF_REPORT_QUERY_SCHEMA_V1.json'
rm 'SSH_COMMAND_LIBRARY/06_TOOLS/20_CONTINUITY/ORGAN_PORTS/ORGAN_SELF_REPORT_RESPONSE_SCHEMA_V1.json'
rm 'SSH_COMMAND_LIBRARY/06_TOOLS/20_CONTINUITY/ORGAN_PORTS/README.md'
rm 'SSH_COMMAND_LIBRARY/06_TOOLS/20_CONTINUITY/ORGAN_PORTS/examples/CONTINUITY_QUERY_EXAMPLE.json'
rm 'SSH_COMMAND_LIBRARY/06_TOOLS/20_CONTINUITY/ORGAN_PORTS/examples/ORGAN_STUB_RESPONSE_EXAMPLE.json'
rm 'SSH_COMMAND_LIBRARY/06_TOOLS/20_CONTINUITY/ORGAN_PORTS/examples/README.md'
rm 'SSH_COMMAND_LIBRARY/06_TOOLS/20_CONTINUITY/ORGAN_PORTS/organ_port_stub_report.py'
rm 'SSH_COMMAND_LIBRARY/06_TOOLS/20_CONTINUITY/README.md'
rm 'SSH_COMMAND_LIBRARY/06_TOOLS/20_CONTINUITY/__pycache__/continuity_address_hardening_check.cpython-312.pyc'
rm 'SSH_COMMAND_LIBRARY/06_TOOLS/20_CONTINUITY/__pycache__/continuity_common.cpython-312.pyc'
rm 'SSH_COMMAND_LIBRARY/06_TOOLS/20_CONTINUITY/__pycache__/continuity_inventory_artifacts.cpython-312.pyc'
rm 'SSH_COMMAND_LIBRARY/06_TOOLS/20_CONTINUITY/__pycache__/continuity_inventory_manual_proofs.cpython-312.pyc'
rm 'SSH_COMMAND_LIBRARY/06_TOOLS/20_CONTINUITY/__pycache__/continuity_inventory_tasks.cpython-312.pyc'
rm 'SSH_COMMAND_LIBRARY/06_TOOLS/20_CONTINUITY/__pycache__/continuity_inventory_tools.cpython-312.pyc'
rm 'SSH_COMMAND_LIBRARY/06_TOOLS/20_CONTINUITY/__pycache__/continuity_owner_summary.cpython-312.pyc'
rm 'SSH_COMMAND_LIBRARY/06_TOOLS/20_CONTINUITY/__pycache__/continuity_pack_build.cpython-312.pyc'
rm 'SSH_COMMAND_LIBRARY/06_TOOLS/20_CONTINUITY/__pycache__/continuity_pack_verify.cpython-312.pyc'
rm 'SSH_COMMAND_LIBRARY/06_TOOLS/20_CONTINUITY/__pycache__/continuity_scan_known_blockers.cpython-312.pyc'
rm 'SSH_COMMAND_LIBRARY/06_TOOLS/20_CONTINUITY/__pycache__/continuity_scan_ledgers.cpython-312.pyc'
rm 'SSH_COMMAND_LIBRARY/06_TOOLS/20_CONTINUITY/__pycache__/continuity_scan_receipts.cpython-312.pyc'
rm 'SSH_COMMAND_LIBRARY/06_TOOLS/20_CONTINUITY/__pycache__/run_continuity_pack_executor.cpython-312.pyc'
rm 'SSH_COMMAND_LIBRARY/06_TOOLS/20_CONTINUITY/continuity_address_hardening_check.py'
rm 'SSH_COMMAND_LIBRARY/06_TOOLS/20_CONTINUITY/continuity_common.py'
rm 'SSH_COMMAND_LIBRARY/06_TOOLS/20_CONTINUITY/continuity_inventory_artifacts.py'
rm 'SSH_COMMAND_LIBRARY/06_TOOLS/20_CONTINUITY/continuity_inventory_manual_proofs.py'
rm 'SSH_COMMAND_LIBRARY/06_TOOLS/20_CONTINUITY/continuity_inventory_tasks.py'
rm 'SSH_COMMAND_LIBRARY/06_TOOLS/20_CONTINUITY/continuity_inventory_tools.py'
rm 'SSH_COMMAND_LIBRARY/06_TOOLS/20_CONTINUITY/continuity_owner_summary.py'
rm 'SSH_COMMAND_LIBRARY/06_TOOLS/20_CONTINUITY/continuity_pack_build.py'
rm 'SSH_COMMAND_LIBRARY/06_TOOLS/20_CONTINUITY/continuity_pack_verify.py'
rm 'SSH_COMMAND_LIBRARY/06_TOOLS/20_CONTINUITY/continuity_scan_known_blockers.py'
rm 'SSH_COMMAND_LIBRARY/06_TOOLS/20_CONTINUITY/continuity_scan_ledgers.py'
rm 'SSH_COMMAND_LIBRARY/06_TOOLS/20_CONTINUITY/continuity_scan_receipts.py'
rm 'SSH_COMMAND_LIBRARY/06_TOOLS/20_CONTINUITY/examples/README.md'
rm 'SSH_COMMAND_LIBRARY/06_TOOLS/20_CONTINUITY/launch_continuity_executor.ps1'
rm 'SSH_COMMAND_LIBRARY/06_TOOLS/20_CONTINUITY/run_continuity_pack_executor.py'
rm 'SSH_COMMAND_LIBRARY/06_TOOLS/30_BUNDLE_VALIDATION/README.md'
rm 'SSH_COMMAND_LIBRARY/06_TOOLS/30_BUNDLE_VALIDATION/VALIDATION_TOOL_CONTRACTS.md'
rm 'SSH_COMMAND_LIBRARY/06_TOOLS/40_OWNER_MANUAL/OWNER_MANUAL_TOOL_CONTRACTS.md'
rm 'SSH_COMMAND_LIBRARY/06_TOOLS/40_OWNER_MANUAL/README.md'
rm 'SSH_COMMAND_LIBRARY/06_TOOLS/50_READONLY_EXPLORER/README.md'
rm 'SSH_COMMAND_LIBRARY/06_TOOLS/50_READONLY_EXPLORER/__pycache__/imperium_readonly_explorer.cpython-312.pyc'
rm 'SSH_COMMAND_LIBRARY/06_TOOLS/50_READONLY_EXPLORER/examples/README.md'
rm 'SSH_COMMAND_LIBRARY/06_TOOLS/50_READONLY_EXPLORER/imperium_readonly_explorer.py'
rm 'SSH_COMMAND_LIBRARY/06_TOOLS/60_SANCTUM_PREP/SANCTUM_ACTION_MAP_CONTRACT_V1.md'
rm 'SSH_COMMAND_LIBRARY/06_TOOLS/60_SANCTUM_PREP/SANCTUM_READINESS_NOTES.md'
rm 'SSH_COMMAND_LIBRARY/06_TOOLS/60_SANCTUM_PREP/SANCTUM_V0_AFTER_E2E_BUTTON_PLAN.md'
rm 'SSH_COMMAND_LIBRARY/06_TOOLS/90_LEGACY_QUARANTINE/LEGACY_INVENTORY.md'
rm 'SSH_COMMAND_LIBRARY/06_TOOLS/90_LEGACY_QUARANTINE/README.md'
rm 'SSH_COMMAND_LIBRARY/06_TOOLS/LEGACY_SCAN_REPORT.md'
rm 'SSH_COMMAND_LIBRARY/06_TOOLS/LEGACY_TOOL_NOTE_TASK_0014.md'
rm 'SSH_COMMAND_LIBRARY/06_TOOLS/PC_TO_VM3_PROMPT_HANDOFF/SEND_LATEST_DRAFT_TO_VM3.py'
rm 'SSH_COMMAND_LIBRARY/06_TOOLS/PC_TO_VM3_PROMPT_HANDOFF/TOOL_MANIFEST.json'
rm 'SSH_COMMAND_LIBRARY/06_TOOLS/PC_TO_VM3_PROMPT_HANDOFF/__pycache__/SEND_LATEST_DRAFT_TO_VM3.cpython-312.pyc'
rm 'SSH_COMMAND_LIBRARY/06_TOOLS/PC_TO_VM3_PROMPT_HANDOFF/__pycache__/send_prompt_to_vm3.cpython-312.pyc'
rm 'SSH_COMMAND_LIBRARY/06_TOOLS/PC_TO_VM3_PROMPT_HANDOFF/send_prompt_to_vm3.py'
rm 'SSH_COMMAND_LIBRARY/06_TOOLS/STAGE_ID_POLICY.json'
rm 'SSH_COMMAND_LIBRARY/06_TOOLS/STAGE_ID_POLICY.md'
rm 'SSH_COMMAND_LIBRARY/06_TOOLS/VM3_TO_PC_FETCH_BUNDLE/TOOL_MANIFEST.json'
rm 'SSH_COMMAND_LIBRARY/06_TOOLS/VM3_TO_PC_FETCH_BUNDLE/__pycache__/fetch_latest_vm3_bundle.cpython-312.pyc'
rm 'SSH_COMMAND_LIBRARY/06_TOOLS/VM3_TO_PC_FETCH_BUNDLE/fetch_latest_vm3_bundle.py'
rm 'SSH_COMMAND_LIBRARY/06_TOOLS/WRITE_SSH_LIBRARY_MANIFESTS.py'
rm 'SSH_COMMAND_LIBRARY/06_TOOLS/__pycache__/WRITE_SSH_LIBRARY_MANIFESTS.cpython-312.pyc'
rm 'SSH_COMMAND_LIBRARY/06_TOOLS/__pycache__/fetch_vm2_stage_bundle.cpython-312.pyc'
rm 'SSH_COMMAND_LIBRARY/06_TOOLS/__pycache__/send_prompt_to_vm2.cpython-312.pyc'
rm 'SSH_COMMAND_LIBRARY/06_TOOLS/fetch_vm2_stage_bundle.py'
rm 'SSH_COMMAND_LIBRARY/06_TOOLS/imperium_pipeline/AGENT_FINAL_RESPONSE.txt'
rm 'SSH_COMMAND_LIBRARY/06_TOOLS/imperium_pipeline/MANIFEST.json'
rm 'SSH_COMMAND_LIBRARY/06_TOOLS/imperium_pipeline/OWNER_SUMMARY.md'
rm 'SSH_COMMAND_LIBRARY/06_TOOLS/imperium_pipeline/README.md'
rm 'SSH_COMMAND_LIBRARY/06_TOOLS/imperium_pipeline/REPAIR_TEST_RESULTS.md'
rm 'SSH_COMMAND_LIBRARY/06_TOOLS/imperium_pipeline/SCRIPT_ACCEPTANCE_TESTS.md'
rm 'SSH_COMMAND_LIBRARY/06_TOOLS/imperium_pipeline/SCRIPT_USAGE_EXAMPLES.md'
rm 'SSH_COMMAND_LIBRARY/06_TOOLS/imperium_pipeline/SHA256SUMS.txt'
rm 'SSH_COMMAND_LIBRARY/06_TOOLS/imperium_pipeline/SPECULUM_REVIEW_REQUEST.md'
rm 'SSH_COMMAND_LIBRARY/06_TOOLS/imperium_pipeline/TOOLS_INDEX.md'
rm 'SSH_COMMAND_LIBRARY/06_TOOLS/imperium_pipeline/TOOL_LAYOUT_RECEIPT.json'
rm 'SSH_COMMAND_LIBRARY/06_TOOLS/imperium_pipeline/UPDATED_SCRIPT_ACCEPTANCE_TESTS.md'
rm 'SSH_COMMAND_LIBRARY/06_TOOLS/imperium_pipeline/__init__.py'
rm 'SSH_COMMAND_LIBRARY/06_TOOLS/imperium_pipeline/__pycache__/__init__.cpython-312.pyc'
rm 'SSH_COMMAND_LIBRARY/06_TOOLS/imperium_pipeline/__pycache__/barrier_verify.cpython-312.pyc'
rm 'SSH_COMMAND_LIBRARY/06_TOOLS/imperium_pipeline/__pycache__/fetch_vm2_stage_bundle.cpython-312.pyc'
rm 'SSH_COMMAND_LIBRARY/06_TOOLS/imperium_pipeline/__pycache__/final_bundle_assemble.cpython-312.pyc'
rm 'SSH_COMMAND_LIBRARY/06_TOOLS/imperium_pipeline/__pycache__/send_prompt_to_vm2.cpython-312.pyc'
rm 'SSH_COMMAND_LIBRARY/06_TOOLS/imperium_pipeline/__pycache__/task_status_append.cpython-312.pyc'
rm 'SSH_COMMAND_LIBRARY/06_TOOLS/imperium_pipeline/__pycache__/task_status_view.cpython-312.pyc'
rm 'SSH_COMMAND_LIBRARY/06_TOOLS/imperium_pipeline/barrier_verify.py'
rm 'SSH_COMMAND_LIBRARY/06_TOOLS/imperium_pipeline/examples/barrier_verify_example.ps1'
rm 'SSH_COMMAND_LIBRARY/06_TOOLS/imperium_pipeline/examples/fetch_vm2_bundle_example.ps1'
rm 'SSH_COMMAND_LIBRARY/06_TOOLS/imperium_pipeline/examples/final_bundle_assemble_example.ps1'
rm 'SSH_COMMAND_LIBRARY/06_TOOLS/imperium_pipeline/examples/send_prompt_example.ps1'
rm 'SSH_COMMAND_LIBRARY/06_TOOLS/imperium_pipeline/fetch_vm2_stage_bundle.py'
rm 'SSH_COMMAND_LIBRARY/06_TOOLS/imperium_pipeline/final_bundle_assemble.py'
rm 'SSH_COMMAND_LIBRARY/06_TOOLS/imperium_pipeline/lib/__init__.py'
rm 'SSH_COMMAND_LIBRARY/06_TOOLS/imperium_pipeline/lib/__pycache__/__init__.cpython-312.pyc'
rm 'SSH_COMMAND_LIBRARY/06_TOOLS/imperium_pipeline/lib/__pycache__/__init__.cpython-314.pyc'
rm 'SSH_COMMAND_LIBRARY/06_TOOLS/imperium_pipeline/lib/__pycache__/id_validation.cpython-312.pyc'
rm 'SSH_COMMAND_LIBRARY/06_TOOLS/imperium_pipeline/lib/__pycache__/id_validation.cpython-314.pyc'
rm 'SSH_COMMAND_LIBRARY/06_TOOLS/imperium_pipeline/lib/__pycache__/ledger_utils.cpython-312.pyc'
rm 'SSH_COMMAND_LIBRARY/06_TOOLS/imperium_pipeline/lib/__pycache__/ledger_utils.cpython-314.pyc'
rm 'SSH_COMMAND_LIBRARY/06_TOOLS/imperium_pipeline/lib/__pycache__/manifest_utils.cpython-312.pyc'
rm 'SSH_COMMAND_LIBRARY/06_TOOLS/imperium_pipeline/lib/__pycache__/owner_report.cpython-312.pyc'
rm 'SSH_COMMAND_LIBRARY/06_TOOLS/imperium_pipeline/lib/__pycache__/owner_report.cpython-314.pyc'
rm 'SSH_COMMAND_LIBRARY/06_TOOLS/imperium_pipeline/lib/__pycache__/path_safety.cpython-312.pyc'
rm 'SSH_COMMAND_LIBRARY/06_TOOLS/imperium_pipeline/lib/__pycache__/path_safety.cpython-314.pyc'
rm 'SSH_COMMAND_LIBRARY/06_TOOLS/imperium_pipeline/lib/__pycache__/provenance_utils.cpython-312.pyc'
rm 'SSH_COMMAND_LIBRARY/06_TOOLS/imperium_pipeline/lib/__pycache__/provenance_utils.cpython-314.pyc'
rm 'SSH_COMMAND_LIBRARY/06_TOOLS/imperium_pipeline/lib/__pycache__/sha256_utils.cpython-312.pyc'
rm 'SSH_COMMAND_LIBRARY/06_TOOLS/imperium_pipeline/lib/__pycache__/sha256_utils.cpython-314.pyc'
rm 'SSH_COMMAND_LIBRARY/06_TOOLS/imperium_pipeline/lib/id_validation.py'
rm 'SSH_COMMAND_LIBRARY/06_TOOLS/imperium_pipeline/lib/ledger_utils.py'
rm 'SSH_COMMAND_LIBRARY/06_TOOLS/imperium_pipeline/lib/manifest_utils.py'
rm 'SSH_COMMAND_LIBRARY/06_TOOLS/imperium_pipeline/lib/owner_report.py'
rm 'SSH_COMMAND_LIBRARY/06_TOOLS/imperium_pipeline/lib/path_safety.py'
rm 'SSH_COMMAND_LIBRARY/06_TOOLS/imperium_pipeline/lib/provenance_utils.py'
rm 'SSH_COMMAND_LIBRARY/06_TOOLS/imperium_pipeline/lib/sha256_utils.py'
rm 'SSH_COMMAND_LIBRARY/06_TOOLS/imperium_pipeline/send_prompt_to_vm2.py'
rm 'SSH_COMMAND_LIBRARY/06_TOOLS/imperium_pipeline/task_status_append.py'
rm 'SSH_COMMAND_LIBRARY/06_TOOLS/imperium_pipeline/task_status_view.py'
rm 'SSH_COMMAND_LIBRARY/06_TOOLS/send_prompt_to_vm2.py'
rm 'SSH_COMMAND_LIBRARY/06_TOOLS/tests/__pycache__/test_stage_id_schema.cpython-312.pyc'
rm 'SSH_COMMAND_LIBRARY/06_TOOLS/tests/test_stage_id_schema.py'
rm 'SSH_COMMAND_LIBRARY/README_AGENT.md'
rm 'SSH_COMMAND_LIBRARY/VM2_ROUTE_BASELINE_20260508_1651.zip'
rm 'SSH_COMMAND_LIBRARY/VM2_ROUTE_BASELINE_20260508_1651.zip.sha256'
rm 'SSH_COMMAND_LIBRARY/VM2_ROUTE_BASELINE_20260508_1651/00_README_RU.md'
rm 'SSH_COMMAND_LIBRARY/VM2_ROUTE_BASELINE_20260508_1651/01_ROUTE_MATRIX/LOCAL_VALUES_NOT_INCLUDED.md'
rm 'SSH_COMMAND_LIBRARY/VM2_ROUTE_BASELINE_20260508_1651/01_ROUTE_MATRIX/VM2_ROUTE_ALIAS.md'
rm 'SSH_COMMAND_LIBRARY/VM2_ROUTE_BASELINE_20260508_1651/01_ROUTE_MATRIX/VM2_ROUTE_MATRIX.redacted.yaml'
rm 'SSH_COMMAND_LIBRARY/VM2_ROUTE_BASELINE_20260508_1651/01_ROUTE_MATRIX/VM2_WORKING_PATHS.md'
rm 'SSH_COMMAND_LIBRARY/VM2_ROUTE_BASELINE_20260508_1651/02_VM3_REFERENCE_REVIEW/VM3_SEND_SCRIPTS_FOUND.csv'
rm 'SSH_COMMAND_LIBRARY/VM2_ROUTE_BASELINE_20260508_1651/02_VM3_REFERENCE_REVIEW/VM3_SEND_SCRIPT_NOTES.md'
rm 'SSH_COMMAND_LIBRARY/VM2_ROUTE_BASELINE_20260508_1651/02_VM3_REFERENCE_REVIEW/VM3_TO_VM2_DISPATCH_ADAPTATION_NOTES.md'
rm 'SSH_COMMAND_LIBRARY/VM2_ROUTE_BASELINE_20260508_1651/03_SMOKE_TEST_PROMPT_DISPATCH/DISPATCH_COMMANDS.redacted.md'
rm 'SSH_COMMAND_LIBRARY/VM2_ROUTE_BASELINE_20260508_1651/03_SMOKE_TEST_PROMPT_DISPATCH/DISPATCH_RECEIPT.md'
rm 'SSH_COMMAND_LIBRARY/VM2_ROUTE_BASELINE_20260508_1651/03_SMOKE_TEST_PROMPT_DISPATCH/PROMPT.sha256.local.txt'
rm 'SSH_COMMAND_LIBRARY/VM2_ROUTE_BASELINE_20260508_1651/03_SMOKE_TEST_PROMPT_DISPATCH/PROMPT.sha256.remote.txt'
rm 'SSH_COMMAND_LIBRARY/VM2_ROUTE_BASELINE_20260508_1651/03_SMOKE_TEST_PROMPT_DISPATCH/PROMPT.txt'
rm 'SSH_COMMAND_LIBRARY/VM2_ROUTE_BASELINE_20260508_1651/03_SMOKE_TEST_PROMPT_DISPATCH/REMOTE_LS_PROOF.txt'
rm 'SSH_COMMAND_LIBRARY/VM2_ROUTE_BASELINE_20260508_1651/03_SMOKE_TEST_PROMPT_DISPATCH/SHA256_MATCH_VERDICT.md'
rm 'SSH_COMMAND_LIBRARY/VM2_ROUTE_BASELINE_20260508_1651/04_LIBRARY_REGISTRATION/NEXT_SCRIPTING_NOTES.md'
rm 'SSH_COMMAND_LIBRARY/VM2_ROUTE_BASELINE_20260508_1651/04_LIBRARY_REGISTRATION/SSH_LIBRARY_INDEX_APPEND.md'
rm 'SSH_COMMAND_LIBRARY/VM2_ROUTE_BASELINE_20260508_1651/04_LIBRARY_REGISTRATION/VM2_DISPATCH_BASELINE_CARD.yaml'
rm 'SSH_COMMAND_LIBRARY/VM2_ROUTE_BASELINE_20260508_1651/99_SECURITY_NOTES/DO_NOT_INCLUDE_IN_ARCHIVE.md'
rm 'SSH_COMMAND_LIBRARY/VM2_ROUTE_BASELINE_20260508_1651/99_SECURITY_NOTES/SECRET_REDACTION_NOTES.md'
rm 'SSH_COMMAND_LIBRARY/VM2_ROUTE_BASELINE_20260508_1651/ARTIFACT_POINTER.md'
rm 'SSH_COMMAND_LIBRARY/VM2_ROUTE_BASELINE_20260508_1651/FINAL_SERVITOR_REPORT_RU.md'

### git rm --cached ARCHIVE


### git rm --cached OBSERVED/THRONE_REPO_COPY
rm 'OBSERVED/THRONE_REPO_COPY/FULL_COPY/IMPERIUM'
rm 'OBSERVED/THRONE_REPO_COPY/THRONE_IMPERIUM_OBSERVED_COPY.tar.gz.sha256'

### git rm --cached OBSERVED/VM3_REPO_COPY
rm 'OBSERVED/VM3_REPO_COPY/FULL_COPY/IMPERIUM'
rm 'OBSERVED/VM3_REPO_COPY/VM3_IMPERIUM_OBSERVED_COPY.tar.gz.sha256'

