[2026-05-09T17:57:53.4851166+03:00] TASK_START TASK-20260509-ADMINISTRATUM-MEMORY-SPINE-AND-ORGAN-GATED-TASK-CYCLE-V0_1
[2026-05-09T17:57:53.4970384+03:00] TASK_NAME Build minimal organ-gated memory spine and run local smoke test
[2026-05-09T17:57:53.5061856+03:00] RECIPE E:\IMPERIUM\ARTIFACTS\TASK-20260509-ADMINISTRATUM-MEMORY-SPINE-AND-ORGAN-GATED-TASK-CYCLE-V0_1\00_INPUTS\TASK_RECIPE.json
[2026-05-09T17:57:53.5138819+03:00] RUN_ID RUN-20260509-175753-6fcd2a0d
[2026-05-09T17:57:53.5378698+03:00] START_GATE 01_DOCTRINARIUM_PREFLIGHT
[2026-05-09T17:57:53.5463838+03:00] CMD py -3 E:\IMPERIUM\ORGANS\DOCTRINARIUM\SCRIPTS\doctrinarium_preflight.py --task-id TASK-20260509-ADMINISTRATUM-MEMORY-SPINE-AND-ORGAN-GATED-TASK-CYCLE-V0_1 --run-id RUN-20260509-175753-6fcd2a0d --root E:\IMPERIUM --recipe-path E:\IMPERIUM\ARTIFACTS\TASK-20260509-ADMINISTRATUM-MEMORY-SPINE-AND-ORGAN-GATED-TASK-CYCLE-V0_1\00_INPUTS\TASK_RECIPE.json
[2026-05-09T17:57:53.8938343+03:00] END_GATE 01_DOCTRINARIUM_PREFLIGHT
[2026-05-09T17:57:53.9075691+03:00] START_GATE 02_OFFICIO_AGENTIS_SCOPE
[2026-05-09T17:57:53.9160210+03:00] CMD py -3 E:\IMPERIUM\ORGANS\OFFICIO_AGENTIS\SCRIPTS\officio_agentis_scope.py --task-id TASK-20260509-ADMINISTRATUM-MEMORY-SPINE-AND-ORGAN-GATED-TASK-CYCLE-V0_1 --run-id RUN-20260509-175753-6fcd2a0d --root E:\IMPERIUM --recipe-path E:\IMPERIUM\ARTIFACTS\TASK-20260509-ADMINISTRATUM-MEMORY-SPINE-AND-ORGAN-GATED-TASK-CYCLE-V0_1\00_INPUTS\TASK_RECIPE.json
[2026-05-09T17:57:54.0911318+03:00] END_GATE 02_OFFICIO_AGENTIS_SCOPE
[2026-05-09T17:57:54.1059929+03:00] START_GATE 03_ADMINISTRATUM_CONTEXT
[2026-05-09T17:57:54.1156630+03:00] CMD py -3 E:\IMPERIUM\ORGANS\ADMINISTRATUM\SCRIPTS\administratum_record_event.py --task-id TASK-20260509-ADMINISTRATUM-MEMORY-SPINE-AND-ORGAN-GATED-TASK-CYCLE-V0_1 --run-id RUN-20260509-175753-6fcd2a0d --root E:\IMPERIUM --organ ADMINISTRATUM --actor PC_SERVITOR --event-type CONTEXT_LOADED --summary-ru Контекст задачи загружен и подтвержден перед запуском маршрута. --verdict PASS_CONTEXT_RECORDED --receipt-paths E:\IMPERIUM\ARTIFACTS\TASK-20260509-ADMINISTRATUM-MEMORY-SPINE-AND-ORGAN-GATED-TASK-CYCLE-V0_1\03_RECEIPTS\00_doctrinarium_preflight_receipt.json E:\IMPERIUM\ARTIFACTS\TASK-20260509-ADMINISTRATUM-MEMORY-SPINE-AND-ORGAN-GATED-TASK-CYCLE-V0_1\03_RECEIPTS\01_officio_agentis_scope_receipt.json
[2026-05-09T17:57:54.3057884+03:00] END_GATE 03_ADMINISTRATUM_CONTEXT
[2026-05-09T17:57:54.3195749+03:00] START_GATE 04_ASTRONOMICON_LOAD_ROUTE
[2026-05-09T17:57:54.3286618+03:00] CMD py -3 E:\IMPERIUM\ORGANS\ASTRONOMICON\SCRIPTS\astronomicon_load_route.py --task-id TASK-20260509-ADMINISTRATUM-MEMORY-SPINE-AND-ORGAN-GATED-TASK-CYCLE-V0_1 --run-id RUN-20260509-175753-6fcd2a0d --root E:\IMPERIUM
[2026-05-09T17:57:54.5217833+03:00] END_GATE 04_ASTRONOMICON_LOAD_ROUTE
[2026-05-09T17:57:54.5358622+03:00] START_GATE 05_MECHANICUS_RESOLVE
[2026-05-09T17:57:54.5448039+03:00] CMD py -3 E:\IMPERIUM\ORGANS\MECHANICUS\SCRIPTS\mechanicus_resolve_scripts.py --task-id TASK-20260509-ADMINISTRATUM-MEMORY-SPINE-AND-ORGAN-GATED-TASK-CYCLE-V0_1 --run-id RUN-20260509-175753-6fcd2a0d --root E:\IMPERIUM
[2026-05-09T17:57:54.7196179+03:00] END_GATE 05_MECHANICUS_RESOLVE
[2026-05-09T17:57:54.7347294+03:00] START_GATE 06_MECHANICUS_DUMMY_STAGE
[2026-05-09T17:57:54.7443906+03:00] CMD py -3 E:\IMPERIUM\ORGANS\MECHANICUS\SCRIPTS\mechanicus_dummy_stage.py --task-id TASK-20260509-ADMINISTRATUM-MEMORY-SPINE-AND-ORGAN-GATED-TASK-CYCLE-V0_1 --run-id RUN-20260509-175753-6fcd2a0d --root E:\IMPERIUM --stage-id STAGE-001
[2026-05-09T17:57:54.9130855+03:00] END_GATE 06_MECHANICUS_DUMMY_STAGE
[2026-05-09T17:57:54.9277936+03:00] START_GATE 07_INQUISITION_AUDIT
[2026-05-09T17:57:54.9370952+03:00] CMD py -3 E:\IMPERIUM\ORGANS\INQUISITION\SCRIPTS\inquisition_post_stage_audit.py --task-id TASK-20260509-ADMINISTRATUM-MEMORY-SPINE-AND-ORGAN-GATED-TASK-CYCLE-V0_1 --run-id RUN-20260509-175753-6fcd2a0d --root E:\IMPERIUM
[2026-05-09T17:57:55.1207378+03:00] END_GATE 07_INQUISITION_AUDIT
[2026-05-09T17:57:55.1362597+03:00] START_GATE 08_ADMINISTRATUM_BUILD_CURRENT_STATE
[2026-05-09T17:57:55.1460047+03:00] CMD py -3 E:\IMPERIUM\ORGANS\ADMINISTRATUM\SCRIPTS\administratum_build_current_state.py --task-id TASK-20260509-ADMINISTRATUM-MEMORY-SPINE-AND-ORGAN-GATED-TASK-CYCLE-V0_1 --run-id RUN-20260509-175753-6fcd2a0d --root E:\IMPERIUM
[2026-05-09T17:57:55.3369200+03:00] END_GATE 08_ADMINISTRATUM_BUILD_CURRENT_STATE
[2026-05-09T17:57:55.3517859+03:00] START_GATE 09_ADMINISTRATUM_BUILD_CONTINUITY
[2026-05-09T17:57:55.3610040+03:00] CMD py -3 E:\IMPERIUM\ORGANS\ADMINISTRATUM\SCRIPTS\administratum_build_continuity_candidate.py --task-id TASK-20260509-ADMINISTRATUM-MEMORY-SPINE-AND-ORGAN-GATED-TASK-CYCLE-V0_1 --run-id RUN-20260509-175753-6fcd2a0d --root E:\IMPERIUM
[2026-05-09T17:57:55.5421405+03:00] END_GATE 09_ADMINISTRATUM_BUILD_CONTINUITY
[2026-05-09T17:57:55.5516053+03:00] TASK_END PASS_ORGAN_CYCLE_SMOKE_TEST_V0_1
