[2026-05-09T18:14:44.4535381+03:00] TASK_START TASK-20260509-ADMINISTRATUM-MEMORY-SPINE-AND-ORGAN-GATED-TASK-CYCLE-V0_1
[2026-05-09T18:14:44.4579245+03:00] TASK_NAME Build minimal organ-gated memory spine and run local smoke test
[2026-05-09T18:14:44.4669462+03:00] RECIPE E:\IMPERIUM\ARTIFACTS\TASK-20260509-ADMINISTRATUM-MEMORY-SPINE-AND-ORGAN-GATED-TASK-CYCLE-V0_1\00_INPUTS\TASK_RECIPE.json
[2026-05-09T18:14:44.4748423+03:00] RUN_ID RUN-20260509-181444-2e815e5f
[2026-05-09T18:14:44.4993136+03:00] START_GATE 01_DOCTRINARIUM_PREFLIGHT
[2026-05-09T18:14:44.5088321+03:00] CMD py -3 E:\IMPERIUM\ORGANS\DOCTRINARIUM\SCRIPTS\doctrinarium_preflight.py --task-id TASK-20260509-ADMINISTRATUM-MEMORY-SPINE-AND-ORGAN-GATED-TASK-CYCLE-V0_1 --run-id RUN-20260509-181444-2e815e5f --root E:\IMPERIUM --recipe-path E:\IMPERIUM\ARTIFACTS\TASK-20260509-ADMINISTRATUM-MEMORY-SPINE-AND-ORGAN-GATED-TASK-CYCLE-V0_1\00_INPUTS\TASK_RECIPE.json
[2026-05-09T18:14:44.7032544+03:00] END_GATE 01_DOCTRINARIUM_PREFLIGHT
[2026-05-09T18:14:44.7161058+03:00] START_GATE 02_OFFICIO_AGENTIS_SCOPE
[2026-05-09T18:14:44.7243794+03:00] CMD py -3 E:\IMPERIUM\ORGANS\OFFICIO_AGENTIS\SCRIPTS\officio_agentis_scope.py --task-id TASK-20260509-ADMINISTRATUM-MEMORY-SPINE-AND-ORGAN-GATED-TASK-CYCLE-V0_1 --run-id RUN-20260509-181444-2e815e5f --root E:\IMPERIUM --recipe-path E:\IMPERIUM\ARTIFACTS\TASK-20260509-ADMINISTRATUM-MEMORY-SPINE-AND-ORGAN-GATED-TASK-CYCLE-V0_1\00_INPUTS\TASK_RECIPE.json
[2026-05-09T18:14:44.9019166+03:00] END_GATE 02_OFFICIO_AGENTIS_SCOPE
[2026-05-09T18:14:44.9162269+03:00] START_GATE 03_ADMINISTRATUM_CONTEXT
[2026-05-09T18:14:44.9254647+03:00] CMD py -3 E:\IMPERIUM\ORGANS\ADMINISTRATUM\SCRIPTS\administratum_record_event.py --task-id TASK-20260509-ADMINISTRATUM-MEMORY-SPINE-AND-ORGAN-GATED-TASK-CYCLE-V0_1 --run-id RUN-20260509-181444-2e815e5f --root E:\IMPERIUM --organ ADMINISTRATUM --actor PC_SERVITOR --event-type CONTEXT_LOADED --summary-ru Контекст задачи загружен и подтвержден перед запуском маршрута. --verdict PASS_CONTEXT_RECORDED --receipt-paths E:\IMPERIUM\ARTIFACTS\TASK-20260509-ADMINISTRATUM-MEMORY-SPINE-AND-ORGAN-GATED-TASK-CYCLE-V0_1\03_RECEIPTS\00_doctrinarium_preflight_receipt.json E:\IMPERIUM\ARTIFACTS\TASK-20260509-ADMINISTRATUM-MEMORY-SPINE-AND-ORGAN-GATED-TASK-CYCLE-V0_1\03_RECEIPTS\01_officio_agentis_scope_receipt.json
[2026-05-09T18:14:45.1112062+03:00] END_GATE 03_ADMINISTRATUM_CONTEXT
[2026-05-09T18:14:45.1250894+03:00] START_GATE 04_ASTRONOMICON_LOAD_ROUTE
[2026-05-09T18:14:45.1340517+03:00] CMD py -3 E:\IMPERIUM\ORGANS\ASTRONOMICON\SCRIPTS\astronomicon_load_route.py --task-id TASK-20260509-ADMINISTRATUM-MEMORY-SPINE-AND-ORGAN-GATED-TASK-CYCLE-V0_1 --run-id RUN-20260509-181444-2e815e5f --root E:\IMPERIUM
[2026-05-09T18:14:45.3023484+03:00] END_GATE 04_ASTRONOMICON_LOAD_ROUTE
[2026-05-09T18:14:45.3161955+03:00] START_GATE 05_MECHANICUS_RESOLVE
[2026-05-09T18:14:45.3251256+03:00] CMD py -3 E:\IMPERIUM\ORGANS\MECHANICUS\SCRIPTS\mechanicus_resolve_scripts.py --task-id TASK-20260509-ADMINISTRATUM-MEMORY-SPINE-AND-ORGAN-GATED-TASK-CYCLE-V0_1 --run-id RUN-20260509-181444-2e815e5f --root E:\IMPERIUM
[2026-05-09T18:14:45.4884422+03:00] END_GATE 05_MECHANICUS_RESOLVE
[2026-05-09T18:14:45.5021966+03:00] START_GATE 06_MECHANICUS_DUMMY_STAGE
[2026-05-09T18:14:45.5112035+03:00] CMD py -3 E:\IMPERIUM\ORGANS\MECHANICUS\SCRIPTS\mechanicus_dummy_stage.py --task-id TASK-20260509-ADMINISTRATUM-MEMORY-SPINE-AND-ORGAN-GATED-TASK-CYCLE-V0_1 --run-id RUN-20260509-181444-2e815e5f --root E:\IMPERIUM --stage-id STAGE-001
[2026-05-09T18:14:45.6836721+03:00] END_GATE 06_MECHANICUS_DUMMY_STAGE
[2026-05-09T18:14:45.6979703+03:00] START_GATE 07_INQUISITION_AUDIT
[2026-05-09T18:14:45.7076371+03:00] CMD py -3 E:\IMPERIUM\ORGANS\INQUISITION\SCRIPTS\inquisition_post_stage_audit.py --task-id TASK-20260509-ADMINISTRATUM-MEMORY-SPINE-AND-ORGAN-GATED-TASK-CYCLE-V0_1 --run-id RUN-20260509-181444-2e815e5f --root E:\IMPERIUM
[2026-05-09T18:14:45.8914110+03:00] TASK_END FAIL Gate failed: 07_INQUISITION_AUDIT (exit=2)
