[2026-05-09T18:15:18.0091015+03:00] TASK_START TASK-20260509-ADMINISTRATUM-MEMORY-SPINE-AND-ORGAN-GATED-TASK-CYCLE-V0_1
[2026-05-09T18:15:18.0135848+03:00] TASK_NAME Build minimal organ-gated memory spine and run local smoke test
[2026-05-09T18:15:18.0231207+03:00] RECIPE E:\IMPERIUM\ARTIFACTS\TASK-20260509-ADMINISTRATUM-MEMORY-SPINE-AND-ORGAN-GATED-TASK-CYCLE-V0_1\00_INPUTS\TASK_RECIPE.json
[2026-05-09T18:15:18.0310977+03:00] RUN_ID RUN-20260509-181517-66c4fe13
[2026-05-09T18:15:18.0558698+03:00] START_GATE 01_DOCTRINARIUM_PREFLIGHT
[2026-05-09T18:15:18.0651134+03:00] CMD py -3 E:\IMPERIUM\ORGANS\DOCTRINARIUM\SCRIPTS\doctrinarium_preflight.py --task-id TASK-20260509-ADMINISTRATUM-MEMORY-SPINE-AND-ORGAN-GATED-TASK-CYCLE-V0_1 --run-id RUN-20260509-181517-66c4fe13 --root E:\IMPERIUM --recipe-path E:\IMPERIUM\ARTIFACTS\TASK-20260509-ADMINISTRATUM-MEMORY-SPINE-AND-ORGAN-GATED-TASK-CYCLE-V0_1\00_INPUTS\TASK_RECIPE.json
[2026-05-09T18:15:18.2638471+03:00] END_GATE 01_DOCTRINARIUM_PREFLIGHT
[2026-05-09T18:15:18.2776144+03:00] START_GATE 02_OFFICIO_AGENTIS_SCOPE
[2026-05-09T18:15:18.2863406+03:00] CMD py -3 E:\IMPERIUM\ORGANS\OFFICIO_AGENTIS\SCRIPTS\officio_agentis_scope.py --task-id TASK-20260509-ADMINISTRATUM-MEMORY-SPINE-AND-ORGAN-GATED-TASK-CYCLE-V0_1 --run-id RUN-20260509-181517-66c4fe13 --root E:\IMPERIUM --recipe-path E:\IMPERIUM\ARTIFACTS\TASK-20260509-ADMINISTRATUM-MEMORY-SPINE-AND-ORGAN-GATED-TASK-CYCLE-V0_1\00_INPUTS\TASK_RECIPE.json
[2026-05-09T18:15:18.4611112+03:00] END_GATE 02_OFFICIO_AGENTIS_SCOPE
[2026-05-09T18:15:18.4752984+03:00] START_GATE 03_ADMINISTRATUM_CONTEXT
[2026-05-09T18:15:18.4842627+03:00] CMD py -3 E:\IMPERIUM\ORGANS\ADMINISTRATUM\SCRIPTS\administratum_record_event.py --task-id TASK-20260509-ADMINISTRATUM-MEMORY-SPINE-AND-ORGAN-GATED-TASK-CYCLE-V0_1 --run-id RUN-20260509-181517-66c4fe13 --root E:\IMPERIUM --organ ADMINISTRATUM --actor PC_SERVITOR --event-type CONTEXT_LOADED --summary-ru Контекст задачи загружен и подтвержден перед запуском маршрута. --verdict PASS_CONTEXT_RECORDED --receipt-paths E:\IMPERIUM\ARTIFACTS\TASK-20260509-ADMINISTRATUM-MEMORY-SPINE-AND-ORGAN-GATED-TASK-CYCLE-V0_1\03_RECEIPTS\00_doctrinarium_preflight_receipt.json E:\IMPERIUM\ARTIFACTS\TASK-20260509-ADMINISTRATUM-MEMORY-SPINE-AND-ORGAN-GATED-TASK-CYCLE-V0_1\03_RECEIPTS\01_officio_agentis_scope_receipt.json
[2026-05-09T18:15:18.6684392+03:00] END_GATE 03_ADMINISTRATUM_CONTEXT
[2026-05-09T18:15:18.6823598+03:00] START_GATE 04_ASTRONOMICON_LOAD_ROUTE
[2026-05-09T18:15:18.6923217+03:00] CMD py -3 E:\IMPERIUM\ORGANS\ASTRONOMICON\SCRIPTS\astronomicon_load_route.py --task-id TASK-20260509-ADMINISTRATUM-MEMORY-SPINE-AND-ORGAN-GATED-TASK-CYCLE-V0_1 --run-id RUN-20260509-181517-66c4fe13 --root E:\IMPERIUM
[2026-05-09T18:15:18.8590501+03:00] END_GATE 04_ASTRONOMICON_LOAD_ROUTE
[2026-05-09T18:15:18.8728344+03:00] START_GATE 05_MECHANICUS_RESOLVE
[2026-05-09T18:15:18.8817761+03:00] CMD py -3 E:\IMPERIUM\ORGANS\MECHANICUS\SCRIPTS\mechanicus_resolve_scripts.py --task-id TASK-20260509-ADMINISTRATUM-MEMORY-SPINE-AND-ORGAN-GATED-TASK-CYCLE-V0_1 --run-id RUN-20260509-181517-66c4fe13 --root E:\IMPERIUM
[2026-05-09T18:15:19.0464090+03:00] END_GATE 05_MECHANICUS_RESOLVE
[2026-05-09T18:15:19.0604088+03:00] START_GATE 06_MECHANICUS_DUMMY_STAGE
[2026-05-09T18:15:19.0694686+03:00] CMD py -3 E:\IMPERIUM\ORGANS\MECHANICUS\SCRIPTS\mechanicus_dummy_stage.py --task-id TASK-20260509-ADMINISTRATUM-MEMORY-SPINE-AND-ORGAN-GATED-TASK-CYCLE-V0_1 --run-id RUN-20260509-181517-66c4fe13 --root E:\IMPERIUM --stage-id STAGE-001
[2026-05-09T18:15:19.2393179+03:00] END_GATE 06_MECHANICUS_DUMMY_STAGE
[2026-05-09T18:15:19.2538417+03:00] START_GATE 07_INQUISITION_AUDIT
[2026-05-09T18:15:19.2635746+03:00] CMD py -3 E:\IMPERIUM\ORGANS\INQUISITION\SCRIPTS\inquisition_post_stage_audit.py --task-id TASK-20260509-ADMINISTRATUM-MEMORY-SPINE-AND-ORGAN-GATED-TASK-CYCLE-V0_1 --run-id RUN-20260509-181517-66c4fe13 --root E:\IMPERIUM
[2026-05-09T18:15:19.4457485+03:00] END_GATE 07_INQUISITION_AUDIT
[2026-05-09T18:15:19.4604842+03:00] START_GATE 08_ADMINISTRATUM_BUILD_CURRENT_STATE
[2026-05-09T18:15:19.4698838+03:00] CMD py -3 E:\IMPERIUM\ORGANS\ADMINISTRATUM\SCRIPTS\administratum_build_current_state.py --task-id TASK-20260509-ADMINISTRATUM-MEMORY-SPINE-AND-ORGAN-GATED-TASK-CYCLE-V0_1 --run-id RUN-20260509-181517-66c4fe13 --root E:\IMPERIUM
[2026-05-09T18:15:19.6643291+03:00] END_GATE 08_ADMINISTRATUM_BUILD_CURRENT_STATE
[2026-05-09T18:15:19.6796647+03:00] START_GATE 09_ADMINISTRATUM_BUILD_CONTINUITY
[2026-05-09T18:15:19.6896129+03:00] CMD py -3 E:\IMPERIUM\ORGANS\ADMINISTRATUM\SCRIPTS\administratum_build_continuity_candidate.py --task-id TASK-20260509-ADMINISTRATUM-MEMORY-SPINE-AND-ORGAN-GATED-TASK-CYCLE-V0_1 --run-id RUN-20260509-181517-66c4fe13 --root E:\IMPERIUM
[2026-05-09T18:15:19.8729691+03:00] END_GATE 09_ADMINISTRATUM_BUILD_CONTINUITY
[2026-05-09T18:15:19.8825881+03:00] TASK_END PASS_ORGAN_CYCLE_SMOKE_TEST_V0_1
