[2026-05-09T18:13:59.6886081+03:00] TASK_START TASK-20260509-ADMINISTRATUM-MEMORY-SPINE-AND-ORGAN-GATED-TASK-CYCLE-V0_1
[2026-05-09T18:13:59.6928020+03:00] TASK_NAME Build minimal organ-gated memory spine and run local smoke test
[2026-05-09T18:13:59.7022532+03:00] RECIPE E:\IMPERIUM\ARTIFACTS\TASK-20260509-ADMINISTRATUM-MEMORY-SPINE-AND-ORGAN-GATED-TASK-CYCLE-V0_1\00_INPUTS\TASK_RECIPE.json
[2026-05-09T18:13:59.7103696+03:00] RUN_ID RUN-20260509-181359-47df1059
[2026-05-09T18:13:59.7361211+03:00] START_GATE 01_DOCTRINARIUM_PREFLIGHT
[2026-05-09T18:13:59.7457637+03:00] CMD py -3 E:\IMPERIUM\ORGANS\DOCTRINARIUM\SCRIPTS\doctrinarium_preflight.py --task-id TASK-20260509-ADMINISTRATUM-MEMORY-SPINE-AND-ORGAN-GATED-TASK-CYCLE-V0_1 --run-id RUN-20260509-181359-47df1059 --root E:\IMPERIUM --recipe-path E:\IMPERIUM\ARTIFACTS\TASK-20260509-ADMINISTRATUM-MEMORY-SPINE-AND-ORGAN-GATED-TASK-CYCLE-V0_1\00_INPUTS\TASK_RECIPE.json
[2026-05-09T18:13:59.9449231+03:00] END_GATE 01_DOCTRINARIUM_PREFLIGHT
[2026-05-09T18:13:59.9579953+03:00] START_GATE 02_OFFICIO_AGENTIS_SCOPE
[2026-05-09T18:13:59.9662557+03:00] CMD py -3 E:\IMPERIUM\ORGANS\OFFICIO_AGENTIS\SCRIPTS\officio_agentis_scope.py --task-id TASK-20260509-ADMINISTRATUM-MEMORY-SPINE-AND-ORGAN-GATED-TASK-CYCLE-V0_1 --run-id RUN-20260509-181359-47df1059 --root E:\IMPERIUM --recipe-path E:\IMPERIUM\ARTIFACTS\TASK-20260509-ADMINISTRATUM-MEMORY-SPINE-AND-ORGAN-GATED-TASK-CYCLE-V0_1\00_INPUTS\TASK_RECIPE.json
[2026-05-09T18:14:00.1392557+03:00] END_GATE 02_OFFICIO_AGENTIS_SCOPE
[2026-05-09T18:14:00.1539917+03:00] START_GATE 03_ADMINISTRATUM_CONTEXT
[2026-05-09T18:14:00.1634841+03:00] CMD py -3 E:\IMPERIUM\ORGANS\ADMINISTRATUM\SCRIPTS\administratum_record_event.py --task-id TASK-20260509-ADMINISTRATUM-MEMORY-SPINE-AND-ORGAN-GATED-TASK-CYCLE-V0_1 --run-id RUN-20260509-181359-47df1059 --root E:\IMPERIUM --organ ADMINISTRATUM --actor PC_SERVITOR --event-type CONTEXT_LOADED --summary-ru Контекст задачи загружен и подтвержден перед запуском маршрута. --verdict PASS_CONTEXT_RECORDED --receipt-paths E:\IMPERIUM\ARTIFACTS\TASK-20260509-ADMINISTRATUM-MEMORY-SPINE-AND-ORGAN-GATED-TASK-CYCLE-V0_1\03_RECEIPTS\00_doctrinarium_preflight_receipt.json E:\IMPERIUM\ARTIFACTS\TASK-20260509-ADMINISTRATUM-MEMORY-SPINE-AND-ORGAN-GATED-TASK-CYCLE-V0_1\03_RECEIPTS\01_officio_agentis_scope_receipt.json
[2026-05-09T18:14:00.3494295+03:00] END_GATE 03_ADMINISTRATUM_CONTEXT
[2026-05-09T18:14:00.3635235+03:00] START_GATE 04_ASTRONOMICON_LOAD_ROUTE
[2026-05-09T18:14:00.3740267+03:00] CMD py -3 E:\IMPERIUM\ORGANS\ASTRONOMICON\SCRIPTS\astronomicon_load_route.py --task-id TASK-20260509-ADMINISTRATUM-MEMORY-SPINE-AND-ORGAN-GATED-TASK-CYCLE-V0_1 --run-id RUN-20260509-181359-47df1059 --root E:\IMPERIUM
[2026-05-09T18:14:00.5491234+03:00] END_GATE 04_ASTRONOMICON_LOAD_ROUTE
[2026-05-09T18:14:00.5630565+03:00] START_GATE 05_MECHANICUS_RESOLVE
[2026-05-09T18:14:00.5725507+03:00] CMD py -3 E:\IMPERIUM\ORGANS\MECHANICUS\SCRIPTS\mechanicus_resolve_scripts.py --task-id TASK-20260509-ADMINISTRATUM-MEMORY-SPINE-AND-ORGAN-GATED-TASK-CYCLE-V0_1 --run-id RUN-20260509-181359-47df1059 --root E:\IMPERIUM
[2026-05-09T18:14:00.7380098+03:00] END_GATE 05_MECHANICUS_RESOLVE
[2026-05-09T18:14:00.7526086+03:00] START_GATE 06_MECHANICUS_DUMMY_STAGE
[2026-05-09T18:14:00.7618343+03:00] CMD py -3 E:\IMPERIUM\ORGANS\MECHANICUS\SCRIPTS\mechanicus_dummy_stage.py --task-id TASK-20260509-ADMINISTRATUM-MEMORY-SPINE-AND-ORGAN-GATED-TASK-CYCLE-V0_1 --run-id RUN-20260509-181359-47df1059 --root E:\IMPERIUM --stage-id STAGE-001
[2026-05-09T18:14:00.9353083+03:00] END_GATE 06_MECHANICUS_DUMMY_STAGE
[2026-05-09T18:14:00.9500352+03:00] START_GATE 07_INQUISITION_AUDIT
[2026-05-09T18:14:00.9593807+03:00] CMD py -3 E:\IMPERIUM\ORGANS\INQUISITION\SCRIPTS\inquisition_post_stage_audit.py --task-id TASK-20260509-ADMINISTRATUM-MEMORY-SPINE-AND-ORGAN-GATED-TASK-CYCLE-V0_1 --run-id RUN-20260509-181359-47df1059 --root E:\IMPERIUM
[2026-05-09T18:14:01.1440421+03:00] TASK_END FAIL Gate failed: 07_INQUISITION_AUDIT (exit=2)
