[master 959f01d] sanitize repository tracking and exclude private local sources
 285 files changed, 647 insertions(+), 19942 deletions(-)
 delete mode 100644 ARTIFACTS/GENERATED_EXTRACT_CHECKS_INDEX.md
 delete mode 100644 ARTIFACTS/TASK-20260509-EXPLORER-V0_6-BASELINE-PROOF-V1/03_SCREENSHOTS/058_SSH_COMMAND_LIBRARY.png
 delete mode 100644 ARTIFACTS/TASK-20260509-EXPLORER-V1_0-READONLY-BASELINE-FREEZE-PROOF-V1/06_SCREENSHOTS/062_SSH_COMMAND_LIBRARY.png
 delete mode 100644 ARTIFACTS/TASK-20260509-IMPERIUM-FOUNDATION-0_1A-PACKAGING-AND-EVIDENCE-REPAIR-V1/00_CONTENT_SNAPSHOT/EXPLORER/SCREENSHOTS/AUTO-RUN-V1_0A-20260509-120801/063_SSH_COMMAND_LIBRARY.png
 create mode 100644 CURRENT_STATE/EXCLUDED_LOCAL_SOURCES.md
 create mode 100644 CURRENT_STATE/GIT_SANITIZE_V0_1/STARTED_AT.txt
 create mode 100644 CURRENT_STATE/GIT_SANITIZE_V0_1/SUSPICIOUS_TRACKED_FILENAMES_BEFORE.txt
 create mode 100644 CURRENT_STATE/GIT_SANITIZE_V0_1/SUSPICIOUS_TRACKED_PATHS_AFTER_INDEX_REMOVAL_BEFORE_EXTRA_RM.txt
 create mode 100644 CURRENT_STATE/GIT_SANITIZE_V0_1/SUSPICIOUS_TRACKED_REMOVAL_SUMMARY.txt
 create mode 100644 CURRENT_STATE/GIT_SANITIZE_V0_1/git_log_oneline_30_before.txt
 create mode 100644 CURRENT_STATE/GIT_SANITIZE_V0_1/git_remote_v_before.txt
 create mode 100644 CURRENT_STATE/GIT_SANITIZE_V0_1/git_rm_cached_explicit.log
 create mode 100644 CURRENT_STATE/GIT_SANITIZE_V0_1/git_status_short_before.txt
 create mode 100644 CURRENT_STATE/GIT_SANITIZE_V0_1/git_status_short_pre_commit.txt
 create mode 100644 CURRENT_STATE/GIT_SANITIZE_V0_1/tracked_extract_check_matches_before_rm.txt
 create mode 100644 CURRENT_STATE/GIT_SANITIZE_V0_1/tracked_extract_check_removed_count.txt
 create mode 100644 CURRENT_STATE/GIT_SANITIZE_V0_1/tracked_file_count_before.txt
 delete mode 100644 EXPLORER/SCREENSHOTS/AUTO-RUN-20260509-112316/058_SSH_COMMAND_LIBRARY.png
 delete mode 100644 EXPLORER/SCREENSHOTS/AUTO-RUN-20260509-112316/058_SSH_COMMAND_LIBRARY.zip
 delete mode 100644 EXPLORER/SCREENSHOTS/AUTO-RUN-20260509-112849/058_SSH_COMMAND_LIBRARY.png
 delete mode 100644 EXPLORER/SCREENSHOTS/AUTO-RUN-20260509-114434/062_SSH_COMMAND_LIBRARY.png
 delete mode 100644 EXPLORER/SCREENSHOTS/AUTO-RUN-V1_0A-20260509-120030/062_SSH_COMMAND_LIBRARY.png
 delete mode 100644 EXPLORER/SCREENSHOTS/AUTO-RUN-V1_0A-20260509-120801/063_SSH_COMMAND_LIBRARY.png
 delete mode 100644 OBSERVED/LEGACY_ROOT_IMPORTS_20260508_1731/OBSERVED_VM3_REPO_COPY/VM3_SEMANTIC_CANDIDATE_PACK_20260507_1155/manifests/secret_scan_results.json
 delete mode 160000 OBSERVED/THRONE_REPO_COPY/FULL_COPY/IMPERIUM
 delete mode 100644 OBSERVED/THRONE_REPO_COPY/THRONE_IMPERIUM_OBSERVED_COPY.tar.gz.sha256
 delete mode 160000 OBSERVED/VM3_REPO_COPY/FULL_COPY/IMPERIUM
 delete mode 100644 OBSERVED/VM3_REPO_COPY/VM3_IMPERIUM_OBSERVED_COPY.tar.gz.sha256
 delete mode 100644 ORGANS/DOCTRINARIUM/UTILITY/PLAYWRIGHT_AUDIT/node_modules/playwright-core/lib/client/cdpSession.js
 delete mode 100644 ORGANS/DOCTRINARIUM/UTILITY/PLAYWRIGHT_AUDIT/node_modules/playwright-core/lib/server/cookieStore.js
 delete mode 100644 ORGANS/DOCTRINARIUM/UTILITY/PLAYWRIGHT_AUDIT/node_modules/playwright-core/lib/server/dispatchers/cdpSessionDispatcher.js
 delete mode 100644 ORGANS/DOCTRINARIUM/UTILITY/PLAYWRIGHT_AUDIT/node_modules/playwright-core/lib/tools/backend/cookies.js
 delete mode 100644 ORGANS/DOCTRINARIUM/UTILITY/PLAYWRIGHT_AUDIT/node_modules/playwright-core/lib/tools/backend/sessionLog.js
 delete mode 100644 ORGANS/DOCTRINARIUM/UTILITY/PLAYWRIGHT_AUDIT/node_modules/playwright-core/lib/tools/cli-client/session.js
 delete mode 100644 ORGANS/DOCTRINARIUM/UTILITY/PLAYWRIGHT_AUDIT/node_modules/playwright-core/lib/tools/cli-client/skill/references/session-management.md
 delete mode 100644 ORGANS/DOCTRINARIUM/UTILITY/PLAYWRIGHT_AUDIT/node_modules/playwright-core/lib/utils/isomorphic/cssTokenizer.js
 delete mode 100644 ORGANS/DOCTRINARIUM/UTILITY/PLAYWRIGHT_AUDIT_V0_8/node_modules/playwright-core/lib/client/cdpSession.js
 delete mode 100644 ORGANS/DOCTRINARIUM/UTILITY/PLAYWRIGHT_AUDIT_V0_8/node_modules/playwright-core/lib/server/cookieStore.js
 delete mode 100644 ORGANS/DOCTRINARIUM/UTILITY/PLAYWRIGHT_AUDIT_V0_8/node_modules/playwright-core/lib/server/dispatchers/cdpSessionDispatcher.js
 delete mode 100644 ORGANS/DOCTRINARIUM/UTILITY/PLAYWRIGHT_AUDIT_V0_8/node_modules/playwright-core/lib/tools/backend/cookies.js
 delete mode 100644 ORGANS/DOCTRINARIUM/UTILITY/PLAYWRIGHT_AUDIT_V0_8/node_modules/playwright-core/lib/tools/backend/sessionLog.js
 delete mode 100644 ORGANS/DOCTRINARIUM/UTILITY/PLAYWRIGHT_AUDIT_V0_8/node_modules/playwright-core/lib/tools/cli-client/session.js
 delete mode 100644 ORGANS/DOCTRINARIUM/UTILITY/PLAYWRIGHT_AUDIT_V0_8/node_modules/playwright-core/lib/tools/cli-client/skill/references/session-management.md
 delete mode 100644 ORGANS/DOCTRINARIUM/UTILITY/PLAYWRIGHT_AUDIT_V0_8/node_modules/playwright-core/lib/utils/isomorphic/cssTokenizer.js
 delete mode 100644 SSH_COMMAND_LIBRARY/00_CONNECTION_PROFILES/VM2_LOCAL_ACCESS_COMMANDS.local.md
 delete mode 100644 SSH_COMMAND_LIBRARY/00_CONNECTION_PROFILES/VM2_ROUTE.local.json
 delete mode 100644 SSH_COMMAND_LIBRARY/00_CONNECTION_PROFILES/VM2_ROUTE_ALIAS.md
 delete mode 100644 SSH_COMMAND_LIBRARY/00_MACHINE_README.json
 delete mode 100644 SSH_COMMAND_LIBRARY/04_DIAGNOSTICS/SSH_KEYS_TARGETS_REPORT_20260507_105346.txt
 delete mode 100644 SSH_COMMAND_LIBRARY/05_SUCCESSFUL_RECIPES/LEGACY_VM3_RECIPES_POLICY.md
 delete mode 100644 SSH_COMMAND_LIBRARY/05_SUCCESSFUL_RECIPES/PC_TO_VM2_PROMPT_DISPATCH_AND_OPEN_RECIPE.md
 delete mode 100644 SSH_COMMAND_LIBRARY/05_SUCCESSFUL_RECIPES/PC_TO_VM2_PYTHON_TOOLS_RECIPE.md
 delete mode 100644 SSH_COMMAND_LIBRARY/05_SUCCESSFUL_RECIPES/PC_TO_VM2_WORKER_ROOM_RECIPES.md
 delete mode 100644 SSH_COMMAND_LIBRARY/05_SUCCESSFUL_RECIPES/PC_TO_VM3_PROMPT_HANDOFF_TESTED_OK_20260507.md
 delete mode 100644 SSH_COMMAND_LIBRARY/05_SUCCESSFUL_RECIPES/VM3_TO_PC_FETCH_LATEST_BUNDLE_TESTED_OK.md
 delete mode 100644 SSH_COMMAND_LIBRARY/06_TOOLS/00_REGISTRY/TOOLS_MASTER_INDEX.json
 delete mode 100644 SSH_COMMAND_LIBRARY/06_TOOLS/00_REGISTRY/TOOLS_MASTER_INDEX.md
 delete mode 100644 SSH_COMMAND_LIBRARY/06_TOOLS/00_REGISTRY/TOOL_LAYOUT_CONTRACT_V1.md
 delete mode 100644 SSH_COMMAND_LIBRARY/06_TOOLS/00_REGISTRY/TOOL_PATH_ALIASES.json
 delete mode 100644 SSH_COMMAND_LIBRARY/06_TOOLS/00_REGISTRY/TOOL_REGISTRY_RECEIPT.json
 delete mode 100644 SSH_COMMAND_LIBRARY/06_TOOLS/01_CORE_LIB/__pycache__/id_validation.cpython-312.pyc
 delete mode 100644 SSH_COMMAND_LIBRARY/06_TOOLS/01_CORE_LIB/__pycache__/ledger_utils.cpython-312.pyc
 delete mode 100644 SSH_COMMAND_LIBRARY/06_TOOLS/01_CORE_LIB/__pycache__/manifest_utils.cpython-312.pyc
 delete mode 100644 SSH_COMMAND_LIBRARY/06_TOOLS/01_CORE_LIB/__pycache__/owner_report.cpython-312.pyc
 delete mode 100644 SSH_COMMAND_LIBRARY/06_TOOLS/01_CORE_LIB/__pycache__/path_safety.cpython-312.pyc
 delete mode 100644 SSH_COMMAND_LIBRARY/06_TOOLS/01_CORE_LIB/__pycache__/provenance_utils.cpython-312.pyc
 delete mode 100644 SSH_COMMAND_LIBRARY/06_TOOLS/01_CORE_LIB/__pycache__/registry_utils.cpython-312.pyc
 delete mode 100644 SSH_COMMAND_LIBRARY/06_TOOLS/01_CORE_LIB/__pycache__/sha256_utils.cpython-312.pyc
 delete mode 100644 SSH_COMMAND_LIBRARY/06_TOOLS/01_CORE_LIB/id_validation.py
 delete mode 100644 SSH_COMMAND_LIBRARY/06_TOOLS/01_CORE_LIB/ledger_utils.py
 delete mode 100644 SSH_COMMAND_LIBRARY/06_TOOLS/01_CORE_LIB/manifest_utils.py
 delete mode 100644 SSH_COMMAND_LIBRARY/06_TOOLS/01_CORE_LIB/owner_report.py
 delete mode 100644 SSH_COMMAND_LIBRARY/06_TOOLS/01_CORE_LIB/path_safety.py
 delete mode 100644 SSH_COMMAND_LIBRARY/06_TOOLS/01_CORE_LIB/provenance_utils.py
 delete mode 100644 SSH_COMMAND_LIBRARY/06_TOOLS/01_CORE_LIB/registry_utils.py
 delete mode 100644 SSH_COMMAND_LIBRARY/06_TOOLS/01_CORE_LIB/sha256_utils.py
 delete mode 100644 SSH_COMMAND_LIBRARY/06_TOOLS/10_PC_VM2_PIPELINE/README.md
 delete mode 100644 SSH_COMMAND_LIBRARY/06_TOOLS/10_PC_VM2_PIPELINE/__pycache__/barrier_verify.cpython-312.pyc
 delete mode 100644 SSH_COMMAND_LIBRARY/06_TOOLS/10_PC_VM2_PIPELINE/__pycache__/fetch_vm2_stage_bundle.cpython-312.pyc
 delete mode 100644 SSH_COMMAND_LIBRARY/06_TOOLS/10_PC_VM2_PIPELINE/__pycache__/final_bundle_assemble.cpython-312.pyc
 delete mode 100644 SSH_COMMAND_LIBRARY/06_TOOLS/10_PC_VM2_PIPELINE/__pycache__/send_prompt_to_vm2.cpython-312.pyc
 delete mode 100644 SSH_COMMAND_LIBRARY/06_TOOLS/10_PC_VM2_PIPELINE/__pycache__/task_status_append.cpython-312.pyc
 delete mode 100644 SSH_COMMAND_LIBRARY/06_TOOLS/10_PC_VM2_PIPELINE/__pycache__/task_status_view.cpython-312.pyc
 delete mode 100644 SSH_COMMAND_LIBRARY/06_TOOLS/10_PC_VM2_PIPELINE/barrier_verify.py
 delete mode 100644 SSH_COMMAND_LIBRARY/06_TOOLS/10_PC_VM2_PIPELINE/examples/README.md
 delete mode 100644 SSH_COMMAND_LIBRARY/06_TOOLS/10_PC_VM2_PIPELINE/examples/barrier_verify_example.ps1
 delete mode 100644 SSH_COMMAND_LIBRARY/06_TOOLS/10_PC_VM2_PIPELINE/examples/fetch_vm2_bundle_example.ps1
 delete mode 100644 SSH_COMMAND_LIBRARY/06_TOOLS/10_PC_VM2_PIPELINE/examples/final_bundle_assemble_example.ps1
 delete mode 100644 SSH_COMMAND_LIBRARY/06_TOOLS/10_PC_VM2_PIPELINE/examples/send_prompt_example.ps1
 delete mode 100644 SSH_COMMAND_LIBRARY/06_TOOLS/10_PC_VM2_PIPELINE/fetch_vm2_stage_bundle.py
 delete mode 100644 SSH_COMMAND_LIBRARY/06_TOOLS/10_PC_VM2_PIPELINE/final_bundle_assemble.py
 delete mode 100644 SSH_COMMAND_LIBRARY/06_TOOLS/10_PC_VM2_PIPELINE/send_prompt_to_vm2.py
 delete mode 100644 SSH_COMMAND_LIBRARY/06_TOOLS/10_PC_VM2_PIPELINE/task_status_append.py
 delete mode 100644 SSH_COMMAND_LIBRARY/06_TOOLS/10_PC_VM2_PIPELINE/task_status_view.py
 delete mode 100644 SSH_COMMAND_LIBRARY/06_TOOLS/15_STAGE_COORDINATION/README.md
 delete mode 100644 SSH_COMMAND_LIBRARY/06_TOOLS/15_STAGE_COORDINATION/STAGE_COORDINATION_TOOL_CONTRACTS.md
 delete mode 100644 SSH_COMMAND_LIBRARY/06_TOOLS/15_STAGE_COORDINATION/__pycache__/artifact_manifest_verify.cpython-312.pyc
 delete mode 100644 SSH_COMMAND_LIBRARY/06_TOOLS/15_STAGE_COORDINATION/__pycache__/artifact_manifest_write.cpython-312.pyc
 delete mode 100644 SSH_COMMAND_LIBRARY/06_TOOLS/15_STAGE_COORDINATION/__pycache__/identity_validate.cpython-312.pyc
 delete mode 100644 SSH_COMMAND_LIBRARY/06_TOOLS/15_STAGE_COORDINATION/__pycache__/inquisition_trace_audit.cpython-312.pyc
 delete mode 100644 SSH_COMMAND_LIBRARY/06_TOOLS/15_STAGE_COORDINATION/__pycache__/ledger_append.cpython-312.pyc
 delete mode 100644 SSH_COMMAND_LIBRARY/06_TOOLS/15_STAGE_COORDINATION/__pycache__/ledger_replay_verify.cpython-312.pyc
 delete mode 100644 SSH_COMMAND_LIBRARY/06_TOOLS/15_STAGE_COORDINATION/__pycache__/stage_coordination_view.cpython-312.pyc
 delete mode 100644 SSH_COMMAND_LIBRARY/06_TOOLS/15_STAGE_COORDINATION/__pycache__/stage_dependency_check.cpython-312.pyc
 delete mode 100644 SSH_COMMAND_LIBRARY/06_TOOLS/15_STAGE_COORDINATION/__pycache__/stage_gate_decide.cpython-312.pyc
 delete mode 100644 SSH_COMMAND_LIBRARY/06_TOOLS/15_STAGE_COORDINATION/__pycache__/stage_heartbeat_emit.cpython-312.pyc
 delete mode 100644 SSH_COMMAND_LIBRARY/06_TOOLS/15_STAGE_COORDINATION/__pycache__/stage_plan_read.cpython-312.pyc
 delete mode 100644 SSH_COMMAND_LIBRARY/06_TOOLS/15_STAGE_COORDINATION/__pycache__/stage_repair_request.cpython-312.pyc
 delete mode 100644 SSH_COMMAND_LIBRARY/06_TOOLS/15_STAGE_COORDINATION/__pycache__/stage_signal_ack.cpython-312.pyc
 delete mode 100644 SSH_COMMAND_LIBRARY/06_TOOLS/15_STAGE_COORDINATION/__pycache__/stage_signal_emit.cpython-312.pyc
 delete mode 100644 SSH_COMMAND_LIBRARY/06_TOOLS/15_STAGE_COORDINATION/__pycache__/stage_signal_verify.cpython-312.pyc
 delete mode 100644 SSH_COMMAND_LIBRARY/06_TOOLS/15_STAGE_COORDINATION/__pycache__/stage_stop_with_reason.cpython-312.pyc
 delete mode 100644 SSH_COMMAND_LIBRARY/06_TOOLS/15_STAGE_COORDINATION/__pycache__/stage_wait_for_signal.cpython-312.pyc
 delete mode 100644 SSH_COMMAND_LIBRARY/06_TOOLS/15_STAGE_COORDINATION/artifact_manifest_verify.py
 delete mode 100644 SSH_COMMAND_LIBRARY/06_TOOLS/15_STAGE_COORDINATION/artifact_manifest_write.py
 delete mode 100644 SSH_COMMAND_LIBRARY/06_TOOLS/15_STAGE_COORDINATION/examples/README.md
 delete mode 100644 SSH_COMMAND_LIBRARY/06_TOOLS/15_STAGE_COORDINATION/identity_validate.py
 delete mode 100644 SSH_COMMAND_LIBRARY/06_TOOLS/15_STAGE_COORDINATION/inquisition_trace_audit.py
 delete mode 100644 SSH_COMMAND_LIBRARY/06_TOOLS/15_STAGE_COORDINATION/ledger_append.py
 delete mode 100644 SSH_COMMAND_LIBRARY/06_TOOLS/15_STAGE_COORDINATION/ledger_replay_verify.py
 delete mode 100644 SSH_COMMAND_LIBRARY/06_TOOLS/15_STAGE_COORDINATION/lib/__pycache__/common_runtime.cpython-312.pyc
 delete mode 100644 SSH_COMMAND_LIBRARY/06_TOOLS/15_STAGE_COORDINATION/lib/common_runtime.py
 delete mode 100644 SSH_COMMAND_LIBRARY/06_TOOLS/15_STAGE_COORDINATION/stage_coordination_view.py
 delete mode 100644 SSH_COMMAND_LIBRARY/06_TOOLS/15_STAGE_COORDINATION/stage_dependency_check.py
 delete mode 100644 SSH_COMMAND_LIBRARY/06_TOOLS/15_STAGE_COORDINATION/stage_gate_decide.py
 delete mode 100644 SSH_COMMAND_LIBRARY/06_TOOLS/15_STAGE_COORDINATION/stage_heartbeat_emit.py
 delete mode 100644 SSH_COMMAND_LIBRARY/06_TOOLS/15_STAGE_COORDINATION/stage_plan_read.py
 delete mode 100644 SSH_COMMAND_LIBRARY/06_TOOLS/15_STAGE_COORDINATION/stage_repair_request.py
 delete mode 100644 SSH_COMMAND_LIBRARY/06_TOOLS/15_STAGE_COORDINATION/stage_signal_ack.py
 delete mode 100644 SSH_COMMAND_LIBRARY/06_TOOLS/15_STAGE_COORDINATION/stage_signal_emit.py
 delete mode 100644 SSH_COMMAND_LIBRARY/06_TOOLS/15_STAGE_COORDINATION/stage_signal_verify.py
 delete mode 100644 SSH_COMMAND_LIBRARY/06_TOOLS/15_STAGE_COORDINATION/stage_stop_with_reason.py
 delete mode 100644 SSH_COMMAND_LIBRARY/06_TOOLS/15_STAGE_COORDINATION/stage_wait_for_signal.py
 delete mode 100644 SSH_COMMAND_LIBRARY/06_TOOLS/20_CONTINUITY/CONTINUITY_TOOL_CONTRACTS.md
 delete mode 100644 SSH_COMMAND_LIBRARY/06_TOOLS/20_CONTINUITY/ORGAN_PORTS/ORGAN_PORT_CONTRACT_V1.md
 delete mode 100644 SSH_COMMAND_LIBRARY/06_TOOLS/20_CONTINUITY/ORGAN_PORTS/ORGAN_PORT_REGISTRY.json
 delete mode 100644 SSH_COMMAND_LIBRARY/06_TOOLS/20_CONTINUITY/ORGAN_PORTS/ORGAN_PORT_STATUS_MATRIX.md
 delete mode 100644 SSH_COMMAND_LIBRARY/06_TOOLS/20_CONTINUITY/ORGAN_PORTS/ORGAN_SELF_REPORT_QUERY_SCHEMA_V1.json
 delete mode 100644 SSH_COMMAND_LIBRARY/06_TOOLS/20_CONTINUITY/ORGAN_PORTS/ORGAN_SELF_REPORT_RESPONSE_SCHEMA_V1.json
 delete mode 100644 SSH_COMMAND_LIBRARY/06_TOOLS/20_CONTINUITY/ORGAN_PORTS/README.md
 delete mode 100644 SSH_COMMAND_LIBRARY/06_TOOLS/20_CONTINUITY/ORGAN_PORTS/examples/CONTINUITY_QUERY_EXAMPLE.json
 delete mode 100644 SSH_COMMAND_LIBRARY/06_TOOLS/20_CONTINUITY/ORGAN_PORTS/examples/ORGAN_STUB_RESPONSE_EXAMPLE.json
 delete mode 100644 SSH_COMMAND_LIBRARY/06_TOOLS/20_CONTINUITY/ORGAN_PORTS/examples/README.md
 delete mode 100644 SSH_COMMAND_LIBRARY/06_TOOLS/20_CONTINUITY/ORGAN_PORTS/organ_port_stub_report.py
 delete mode 100644 SSH_COMMAND_LIBRARY/06_TOOLS/20_CONTINUITY/README.md
 delete mode 100644 SSH_COMMAND_LIBRARY/06_TOOLS/20_CONTINUITY/__pycache__/continuity_address_hardening_check.cpython-312.pyc
 delete mode 100644 SSH_COMMAND_LIBRARY/06_TOOLS/20_CONTINUITY/__pycache__/continuity_common.cpython-312.pyc
 delete mode 100644 SSH_COMMAND_LIBRARY/06_TOOLS/20_CONTINUITY/__pycache__/continuity_inventory_artifacts.cpython-312.pyc
 delete mode 100644 SSH_COMMAND_LIBRARY/06_TOOLS/20_CONTINUITY/__pycache__/continuity_inventory_manual_proofs.cpython-312.pyc
 delete mode 100644 SSH_COMMAND_LIBRARY/06_TOOLS/20_CONTINUITY/__pycache__/continuity_inventory_tasks.cpython-312.pyc
 delete mode 100644 SSH_COMMAND_LIBRARY/06_TOOLS/20_CONTINUITY/__pycache__/continuity_inventory_tools.cpython-312.pyc
 delete mode 100644 SSH_COMMAND_LIBRARY/06_TOOLS/20_CONTINUITY/__pycache__/continuity_owner_summary.cpython-312.pyc
 delete mode 100644 SSH_COMMAND_LIBRARY/06_TOOLS/20_CONTINUITY/__pycache__/continuity_pack_build.cpython-312.pyc
 delete mode 100644 SSH_COMMAND_LIBRARY/06_TOOLS/20_CONTINUITY/__pycache__/continuity_pack_verify.cpython-312.pyc
 delete mode 100644 SSH_COMMAND_LIBRARY/06_TOOLS/20_CONTINUITY/__pycache__/continuity_scan_known_blockers.cpython-312.pyc
 delete mode 100644 SSH_COMMAND_LIBRARY/06_TOOLS/20_CONTINUITY/__pycache__/continuity_scan_ledgers.cpython-312.pyc
 delete mode 100644 SSH_COMMAND_LIBRARY/06_TOOLS/20_CONTINUITY/__pycache__/continuity_scan_receipts.cpython-312.pyc
 delete mode 100644 SSH_COMMAND_LIBRARY/06_TOOLS/20_CONTINUITY/__pycache__/run_continuity_pack_executor.cpython-312.pyc
 delete mode 100644 SSH_COMMAND_LIBRARY/06_TOOLS/20_CONTINUITY/continuity_address_hardening_check.py
 delete mode 100644 SSH_COMMAND_LIBRARY/06_TOOLS/20_CONTINUITY/continuity_common.py
 delete mode 100644 SSH_COMMAND_LIBRARY/06_TOOLS/20_CONTINUITY/continuity_inventory_artifacts.py
 delete mode 100644 SSH_COMMAND_LIBRARY/06_TOOLS/20_CONTINUITY/continuity_inventory_manual_proofs.py
 delete mode 100644 SSH_COMMAND_LIBRARY/06_TOOLS/20_CONTINUITY/continuity_inventory_tasks.py
 delete mode 100644 SSH_COMMAND_LIBRARY/06_TOOLS/20_CONTINUITY/continuity_inventory_tools.py
 delete mode 100644 SSH_COMMAND_LIBRARY/06_TOOLS/20_CONTINUITY/continuity_owner_summary.py
 delete mode 100644 SSH_COMMAND_LIBRARY/06_TOOLS/20_CONTINUITY/continuity_pack_build.py
 delete mode 100644 SSH_COMMAND_LIBRARY/06_TOOLS/20_CONTINUITY/continuity_pack_verify.py
 delete mode 100644 SSH_COMMAND_LIBRARY/06_TOOLS/20_CONTINUITY/continuity_scan_known_blockers.py
 delete mode 100644 SSH_COMMAND_LIBRARY/06_TOOLS/20_CONTINUITY/continuity_scan_ledgers.py
 delete mode 100644 SSH_COMMAND_LIBRARY/06_TOOLS/20_CONTINUITY/continuity_scan_receipts.py
 delete mode 100644 SSH_COMMAND_LIBRARY/06_TOOLS/20_CONTINUITY/examples/README.md
 delete mode 100644 SSH_COMMAND_LIBRARY/06_TOOLS/20_CONTINUITY/launch_continuity_executor.ps1
 delete mode 100644 SSH_COMMAND_LIBRARY/06_TOOLS/20_CONTINUITY/run_continuity_pack_executor.py
 delete mode 100644 SSH_COMMAND_LIBRARY/06_TOOLS/30_BUNDLE_VALIDATION/README.md
 delete mode 100644 SSH_COMMAND_LIBRARY/06_TOOLS/30_BUNDLE_VALIDATION/VALIDATION_TOOL_CONTRACTS.md
 delete mode 100644 SSH_COMMAND_LIBRARY/06_TOOLS/40_OWNER_MANUAL/OWNER_MANUAL_TOOL_CONTRACTS.md
 delete mode 100644 SSH_COMMAND_LIBRARY/06_TOOLS/40_OWNER_MANUAL/README.md
 delete mode 100644 SSH_COMMAND_LIBRARY/06_TOOLS/50_READONLY_EXPLORER/README.md
 delete mode 100644 SSH_COMMAND_LIBRARY/06_TOOLS/50_READONLY_EXPLORER/__pycache__/imperium_readonly_explorer.cpython-312.pyc
 delete mode 100644 SSH_COMMAND_LIBRARY/06_TOOLS/50_READONLY_EXPLORER/examples/README.md
 delete mode 100644 SSH_COMMAND_LIBRARY/06_TOOLS/50_READONLY_EXPLORER/imperium_readonly_explorer.py
 delete mode 100644 SSH_COMMAND_LIBRARY/06_TOOLS/60_SANCTUM_PREP/SANCTUM_ACTION_MAP_CONTRACT_V1.md
 delete mode 100644 SSH_COMMAND_LIBRARY/06_TOOLS/60_SANCTUM_PREP/SANCTUM_READINESS_NOTES.md
 delete mode 100644 SSH_COMMAND_LIBRARY/06_TOOLS/60_SANCTUM_PREP/SANCTUM_V0_AFTER_E2E_BUTTON_PLAN.md
 delete mode 100644 SSH_COMMAND_LIBRARY/06_TOOLS/90_LEGACY_QUARANTINE/LEGACY_INVENTORY.md
 delete mode 100644 SSH_COMMAND_LIBRARY/06_TOOLS/90_LEGACY_QUARANTINE/README.md
 delete mode 100644 SSH_COMMAND_LIBRARY/06_TOOLS/LEGACY_SCAN_REPORT.md
 delete mode 100644 SSH_COMMAND_LIBRARY/06_TOOLS/LEGACY_TOOL_NOTE_TASK_0014.md
 delete mode 100644 SSH_COMMAND_LIBRARY/06_TOOLS/PC_TO_VM3_PROMPT_HANDOFF/SEND_LATEST_DRAFT_TO_VM3.py
 delete mode 100644 SSH_COMMAND_LIBRARY/06_TOOLS/PC_TO_VM3_PROMPT_HANDOFF/TOOL_MANIFEST.json
 delete mode 100644 SSH_COMMAND_LIBRARY/06_TOOLS/PC_TO_VM3_PROMPT_HANDOFF/__pycache__/SEND_LATEST_DRAFT_TO_VM3.cpython-312.pyc
 delete mode 100644 SSH_COMMAND_LIBRARY/06_TOOLS/PC_TO_VM3_PROMPT_HANDOFF/__pycache__/send_prompt_to_vm3.cpython-312.pyc
 delete mode 100644 SSH_COMMAND_LIBRARY/06_TOOLS/PC_TO_VM3_PROMPT_HANDOFF/send_prompt_to_vm3.py
 delete mode 100644 SSH_COMMAND_LIBRARY/06_TOOLS/STAGE_ID_POLICY.json
 delete mode 100644 SSH_COMMAND_LIBRARY/06_TOOLS/STAGE_ID_POLICY.md
 delete mode 100644 SSH_COMMAND_LIBRARY/06_TOOLS/VM3_TO_PC_FETCH_BUNDLE/TOOL_MANIFEST.json
 delete mode 100644 SSH_COMMAND_LIBRARY/06_TOOLS/VM3_TO_PC_FETCH_BUNDLE/__pycache__/fetch_latest_vm3_bundle.cpython-312.pyc
 delete mode 100644 SSH_COMMAND_LIBRARY/06_TOOLS/VM3_TO_PC_FETCH_BUNDLE/fetch_latest_vm3_bundle.py
 delete mode 100644 SSH_COMMAND_LIBRARY/06_TOOLS/WRITE_SSH_LIBRARY_MANIFESTS.py
 delete mode 100644 SSH_COMMAND_LIBRARY/06_TOOLS/__pycache__/WRITE_SSH_LIBRARY_MANIFESTS.cpython-312.pyc
 delete mode 100644 SSH_COMMAND_LIBRARY/06_TOOLS/__pycache__/fetch_vm2_stage_bundle.cpython-312.pyc
 delete mode 100644 SSH_COMMAND_LIBRARY/06_TOOLS/__pycache__/send_prompt_to_vm2.cpython-312.pyc
 delete mode 100644 SSH_COMMAND_LIBRARY/06_TOOLS/fetch_vm2_stage_bundle.py
 delete mode 100644 SSH_COMMAND_LIBRARY/06_TOOLS/imperium_pipeline/AGENT_FINAL_RESPONSE.txt
 delete mode 100644 SSH_COMMAND_LIBRARY/06_TOOLS/imperium_pipeline/MANIFEST.json
 delete mode 100644 SSH_COMMAND_LIBRARY/06_TOOLS/imperium_pipeline/OWNER_SUMMARY.md
 delete mode 100644 SSH_COMMAND_LIBRARY/06_TOOLS/imperium_pipeline/README.md
 delete mode 100644 SSH_COMMAND_LIBRARY/06_TOOLS/imperium_pipeline/REPAIR_TEST_RESULTS.md
 delete mode 100644 SSH_COMMAND_LIBRARY/06_TOOLS/imperium_pipeline/SCRIPT_ACCEPTANCE_TESTS.md
 delete mode 100644 SSH_COMMAND_LIBRARY/06_TOOLS/imperium_pipeline/SCRIPT_USAGE_EXAMPLES.md
 delete mode 100644 SSH_COMMAND_LIBRARY/06_TOOLS/imperium_pipeline/SHA256SUMS.txt
 delete mode 100644 SSH_COMMAND_LIBRARY/06_TOOLS/imperium_pipeline/SPECULUM_REVIEW_REQUEST.md
 delete mode 100644 SSH_COMMAND_LIBRARY/06_TOOLS/imperium_pipeline/TOOLS_INDEX.md
 delete mode 100644 SSH_COMMAND_LIBRARY/06_TOOLS/imperium_pipeline/TOOL_LAYOUT_RECEIPT.json
 delete mode 100644 SSH_COMMAND_LIBRARY/06_TOOLS/imperium_pipeline/UPDATED_SCRIPT_ACCEPTANCE_TESTS.md
 delete mode 100644 SSH_COMMAND_LIBRARY/06_TOOLS/imperium_pipeline/__init__.py
 delete mode 100644 SSH_COMMAND_LIBRARY/06_TOOLS/imperium_pipeline/__pycache__/__init__.cpython-312.pyc
 delete mode 100644 SSH_COMMAND_LIBRARY/06_TOOLS/imperium_pipeline/__pycache__/barrier_verify.cpython-312.pyc
 delete mode 100644 SSH_COMMAND_LIBRARY/06_TOOLS/imperium_pipeline/__pycache__/fetch_vm2_stage_bundle.cpython-312.pyc
 delete mode 100644 SSH_COMMAND_LIBRARY/06_TOOLS/imperium_pipeline/__pycache__/final_bundle_assemble.cpython-312.pyc
 delete mode 100644 SSH_COMMAND_LIBRARY/06_TOOLS/imperium_pipeline/__pycache__/send_prompt_to_vm2.cpython-312.pyc
 delete mode 100644 SSH_COMMAND_LIBRARY/06_TOOLS/imperium_pipeline/__pycache__/task_status_append.cpython-312.pyc
 delete mode 100644 SSH_COMMAND_LIBRARY/06_TOOLS/imperium_pipeline/__pycache__/task_status_view.cpython-312.pyc
 delete mode 100644 SSH_COMMAND_LIBRARY/06_TOOLS/imperium_pipeline/barrier_verify.py
 delete mode 100644 SSH_COMMAND_LIBRARY/06_TOOLS/imperium_pipeline/examples/barrier_verify_example.ps1
 delete mode 100644 SSH_COMMAND_LIBRARY/06_TOOLS/imperium_pipeline/examples/fetch_vm2_bundle_example.ps1
 delete mode 100644 SSH_COMMAND_LIBRARY/06_TOOLS/imperium_pipeline/examples/final_bundle_assemble_example.ps1
 delete mode 100644 SSH_COMMAND_LIBRARY/06_TOOLS/imperium_pipeline/examples/send_prompt_example.ps1
 delete mode 100644 SSH_COMMAND_LIBRARY/06_TOOLS/imperium_pipeline/fetch_vm2_stage_bundle.py
 delete mode 100644 SSH_COMMAND_LIBRARY/06_TOOLS/imperium_pipeline/final_bundle_assemble.py
 delete mode 100644 SSH_COMMAND_LIBRARY/06_TOOLS/imperium_pipeline/lib/__init__.py
 delete mode 100644 SSH_COMMAND_LIBRARY/06_TOOLS/imperium_pipeline/lib/__pycache__/__init__.cpython-312.pyc
 delete mode 100644 SSH_COMMAND_LIBRARY/06_TOOLS/imperium_pipeline/lib/__pycache__/__init__.cpython-314.pyc
 delete mode 100644 SSH_COMMAND_LIBRARY/06_TOOLS/imperium_pipeline/lib/__pycache__/id_validation.cpython-312.pyc
 delete mode 100644 SSH_COMMAND_LIBRARY/06_TOOLS/imperium_pipeline/lib/__pycache__/id_validation.cpython-314.pyc
 delete mode 100644 SSH_COMMAND_LIBRARY/06_TOOLS/imperium_pipeline/lib/__pycache__/ledger_utils.cpython-312.pyc
 delete mode 100644 SSH_COMMAND_LIBRARY/06_TOOLS/imperium_pipeline/lib/__pycache__/ledger_utils.cpython-314.pyc
 delete mode 100644 SSH_COMMAND_LIBRARY/06_TOOLS/imperium_pipeline/lib/__pycache__/manifest_utils.cpython-312.pyc
 delete mode 100644 SSH_COMMAND_LIBRARY/06_TOOLS/imperium_pipeline/lib/__pycache__/owner_report.cpython-312.pyc
 delete mode 100644 SSH_COMMAND_LIBRARY/06_TOOLS/imperium_pipeline/lib/__pycache__/owner_report.cpython-314.pyc
 delete mode 100644 SSH_COMMAND_LIBRARY/06_TOOLS/imperium_pipeline/lib/__pycache__/path_safety.cpython-312.pyc
 delete mode 100644 SSH_COMMAND_LIBRARY/06_TOOLS/imperium_pipeline/lib/__pycache__/path_safety.cpython-314.pyc
 delete mode 100644 SSH_COMMAND_LIBRARY/06_TOOLS/imperium_pipeline/lib/__pycache__/provenance_utils.cpython-312.pyc
 delete mode 100644 SSH_COMMAND_LIBRARY/06_TOOLS/imperium_pipeline/lib/__pycache__/provenance_utils.cpython-314.pyc
 delete mode 100644 SSH_COMMAND_LIBRARY/06_TOOLS/imperium_pipeline/lib/__pycache__/sha256_utils.cpython-312.pyc
 delete mode 100644 SSH_COMMAND_LIBRARY/06_TOOLS/imperium_pipeline/lib/__pycache__/sha256_utils.cpython-314.pyc
 delete mode 100644 SSH_COMMAND_LIBRARY/06_TOOLS/imperium_pipeline/lib/id_validation.py
 delete mode 100644 SSH_COMMAND_LIBRARY/06_TOOLS/imperium_pipeline/lib/ledger_utils.py
 delete mode 100644 SSH_COMMAND_LIBRARY/06_TOOLS/imperium_pipeline/lib/manifest_utils.py
 delete mode 100644 SSH_COMMAND_LIBRARY/06_TOOLS/imperium_pipeline/lib/owner_report.py
 delete mode 100644 SSH_COMMAND_LIBRARY/06_TOOLS/imperium_pipeline/lib/path_safety.py
 delete mode 100644 SSH_COMMAND_LIBRARY/06_TOOLS/imperium_pipeline/lib/provenance_utils.py
 delete mode 100644 SSH_COMMAND_LIBRARY/06_TOOLS/imperium_pipeline/lib/sha256_utils.py
 delete mode 100644 SSH_COMMAND_LIBRARY/06_TOOLS/imperium_pipeline/send_prompt_to_vm2.py
 delete mode 100644 SSH_COMMAND_LIBRARY/06_TOOLS/imperium_pipeline/task_status_append.py
 delete mode 100644 SSH_COMMAND_LIBRARY/06_TOOLS/imperium_pipeline/task_status_view.py
 delete mode 100644 SSH_COMMAND_LIBRARY/06_TOOLS/send_prompt_to_vm2.py
 delete mode 100644 SSH_COMMAND_LIBRARY/06_TOOLS/tests/__pycache__/test_stage_id_schema.cpython-312.pyc
 delete mode 100644 SSH_COMMAND_LIBRARY/06_TOOLS/tests/test_stage_id_schema.py
 delete mode 100644 SSH_COMMAND_LIBRARY/README_AGENT.md
 delete mode 100644 SSH_COMMAND_LIBRARY/VM2_ROUTE_BASELINE_20260508_1651.zip
 delete mode 100644 SSH_COMMAND_LIBRARY/VM2_ROUTE_BASELINE_20260508_1651.zip.sha256
 delete mode 100644 SSH_COMMAND_LIBRARY/VM2_ROUTE_BASELINE_20260508_1651/00_README_RU.md
 delete mode 100644 SSH_COMMAND_LIBRARY/VM2_ROUTE_BASELINE_20260508_1651/01_ROUTE_MATRIX/LOCAL_VALUES_NOT_INCLUDED.md
 delete mode 100644 SSH_COMMAND_LIBRARY/VM2_ROUTE_BASELINE_20260508_1651/01_ROUTE_MATRIX/VM2_ROUTE_ALIAS.md
 delete mode 100644 SSH_COMMAND_LIBRARY/VM2_ROUTE_BASELINE_20260508_1651/01_ROUTE_MATRIX/VM2_ROUTE_MATRIX.redacted.yaml
 delete mode 100644 SSH_COMMAND_LIBRARY/VM2_ROUTE_BASELINE_20260508_1651/01_ROUTE_MATRIX/VM2_WORKING_PATHS.md
 delete mode 100644 SSH_COMMAND_LIBRARY/VM2_ROUTE_BASELINE_20260508_1651/02_VM3_REFERENCE_REVIEW/VM3_SEND_SCRIPTS_FOUND.csv
 delete mode 100644 SSH_COMMAND_LIBRARY/VM2_ROUTE_BASELINE_20260508_1651/02_VM3_REFERENCE_REVIEW/VM3_SEND_SCRIPT_NOTES.md
 delete mode 100644 SSH_COMMAND_LIBRARY/VM2_ROUTE_BASELINE_20260508_1651/02_VM3_REFERENCE_REVIEW/VM3_TO_VM2_DISPATCH_ADAPTATION_NOTES.md
 delete mode 100644 SSH_COMMAND_LIBRARY/VM2_ROUTE_BASELINE_20260508_1651/03_SMOKE_TEST_PROMPT_DISPATCH/DISPATCH_COMMANDS.redacted.md
 delete mode 100644 SSH_COMMAND_LIBRARY/VM2_ROUTE_BASELINE_20260508_1651/03_SMOKE_TEST_PROMPT_DISPATCH/DISPATCH_RECEIPT.md
 delete mode 100644 SSH_COMMAND_LIBRARY/VM2_ROUTE_BASELINE_20260508_1651/03_SMOKE_TEST_PROMPT_DISPATCH/PROMPT.sha256.local.txt
 delete mode 100644 SSH_COMMAND_LIBRARY/VM2_ROUTE_BASELINE_20260508_1651/03_SMOKE_TEST_PROMPT_DISPATCH/PROMPT.sha256.remote.txt
 delete mode 100644 SSH_COMMAND_LIBRARY/VM2_ROUTE_BASELINE_20260508_1651/03_SMOKE_TEST_PROMPT_DISPATCH/PROMPT.txt
 delete mode 100644 SSH_COMMAND_LIBRARY/VM2_ROUTE_BASELINE_20260508_1651/03_SMOKE_TEST_PROMPT_DISPATCH/REMOTE_LS_PROOF.txt
 delete mode 100644 SSH_COMMAND_LIBRARY/VM2_ROUTE_BASELINE_20260508_1651/03_SMOKE_TEST_PROMPT_DISPATCH/SHA256_MATCH_VERDICT.md
 delete mode 100644 SSH_COMMAND_LIBRARY/VM2_ROUTE_BASELINE_20260508_1651/04_LIBRARY_REGISTRATION/NEXT_SCRIPTING_NOTES.md
 delete mode 100644 SSH_COMMAND_LIBRARY/VM2_ROUTE_BASELINE_20260508_1651/04_LIBRARY_REGISTRATION/SSH_LIBRARY_INDEX_APPEND.md
 delete mode 100644 SSH_COMMAND_LIBRARY/VM2_ROUTE_BASELINE_20260508_1651/04_LIBRARY_REGISTRATION/VM2_DISPATCH_BASELINE_CARD.yaml
 delete mode 100644 SSH_COMMAND_LIBRARY/VM2_ROUTE_BASELINE_20260508_1651/99_SECURITY_NOTES/DO_NOT_INCLUDE_IN_ARCHIVE.md
 delete mode 100644 SSH_COMMAND_LIBRARY/VM2_ROUTE_BASELINE_20260508_1651/99_SECURITY_NOTES/SECRET_REDACTION_NOTES.md
 delete mode 100644 SSH_COMMAND_LIBRARY/VM2_ROUTE_BASELINE_20260508_1651/ARTIFACT_POINTER.md
 delete mode 100644 SSH_COMMAND_LIBRARY/VM2_ROUTE_BASELINE_20260508_1651/FINAL_SERVITOR_REPORT_RU.md
